TN:
SF:app/api/admin/all-workspaces/route.ts
FN:24,GET
FN:110,(anonymous_1)
FN:112,(anonymous_2)
FNF:3
FNH:0
FNDA:0,GET
FNDA:0,(anonymous_1)
FNDA:0,(anonymous_2)
DA:10,0
DA:11,0
DA:12,0
DA:13,0
DA:14,0
DA:17,0
DA:19,0
DA:24,0
DA:26,0
DA:27,0
DA:29,0
DA:30,0
DA:37,0
DA:38,0
DA:39,0
DA:46,0
DA:47,0
DA:53,0
DA:54,0
DA:55,0
DA:62,0
DA:80,0
DA:81,0
DA:82,0
DA:110,0
DA:111,0
DA:112,0
DA:114,0
DA:128,0
LF:29
LH:0
BRDA:29,0,0,0
BRDA:29,0,1,0
BRDA:38,1,0,0
BRDA:38,1,1,0
BRDA:46,2,0,0
BRDA:46,2,1,0
BRDA:54,3,0,0
BRDA:54,3,1,0
BRDA:80,4,0,0
BRDA:80,4,1,0
BRDA:110,5,0,0
BRDA:110,5,1,0
BRDA:111,6,0,0
BRDA:111,6,1,0
BRDA:120,7,0,0
BRDA:120,7,1,0
BRDA:122,8,0,0
BRDA:122,8,1,0
BRF:18
BRH:0
end_of_record
TN:
SF:app/api/admin/audit-log/route.ts
FN:24,GET
FNF:1
FNH:0
FNDA:0,GET
DA:11,0
DA:12,0
DA:13,0
DA:14,0
DA:15,0
DA:17,0
DA:19,0
DA:24,0
DA:26,0
DA:27,0
DA:29,0
DA:30,0
DA:37,0
DA:38,0
DA:39,0
DA:45,0
DA:46,0
DA:52,0
DA:53,0
DA:54,0
DA:57,0
DA:64,0
DA:66,0
DA:67,0
DA:68,0
DA:73,0
DA:74,0
DA:76,0
DA:82,0
DA:84,0
DA:85,0
DA:86,0
DA:92,0
LF:33
LH:0
BRDA:29,0,0,0
BRDA:29,0,1,0
BRDA:38,1,0,0
BRDA:38,1,1,0
BRDA:45,2,0,0
BRDA:45,2,1,0
BRDA:54,3,0,0
BRDA:54,3,1,0
BRDA:64,4,0,0
BRDA:64,4,1,0
BRDA:67,5,0,0
BRDA:67,5,1,0
BRDA:67,6,0,0
BRDA:67,6,1,0
BRDA:74,7,0,0
BRDA:74,7,1,0
BRDA:84,8,0,0
BRDA:84,8,1,0
BRDA:93,9,0,0
BRDA:93,9,1,0
BRDA:94,10,0,0
BRDA:94,10,1,0
BRF:22
BRH:0
end_of_record
TN:
SF:app/api/admin/freeze-workspace/route.ts
FN:31,POST
FN:82,(anonymous_7)
FN:151,DELETE
FN:202,(anonymous_9)
FNF:4
FNH:0
FNDA:0,POST
FNDA:0,(anonymous_7)
FNDA:0,DELETE
FNDA:0,(anonymous_9)
DA:1,0
DA:2,0
DA:3,0
DA:5,0
DA:17,0
DA:19,0
DA:31,0
DA:32,0
DA:33,0
DA:35,0
DA:36,0
DA:43,0
DA:44,0
DA:50,0
DA:51,0
DA:53,0
DA:54,0
DA:61,0
DA:67,0
DA:68,0
DA:74,0
DA:75,0
DA:82,0
DA:83,0
DA:84,0
DA:85,0
DA:88,0
DA:98,0
DA:100,0
DA:101,0
DA:108,0
DA:115,0
DA:126,0
DA:128,0
DA:136,0
DA:137,0
DA:151,0
DA:152,0
DA:153,0
DA:155,0
DA:156,0
DA:163,0
DA:164,0
DA:170,0
DA:171,0
DA:173,0
DA:174,0
DA:181,0
DA:187,0
DA:188,0
DA:194,0
DA:195,0
DA:202,0
DA:203,0
DA:204,0
DA:205,0
DA:208,0
DA:218,0
DA:220,0
DA:221,0
DA:228,0
DA:239,0
DA:241,0
DA:249,0
DA:250,0
LF:65
LH:0
BRDA:17,0,0,0
BRDA:17,0,1,0
BRDA:35,1,0,0
BRDA:35,1,1,0
BRDA:43,2,0,0
BRDA:43,2,1,0
BRDA:53,3,0,0
BRDA:53,3,1,0
BRDA:67,4,0,0
BRDA:67,4,1,0
BRDA:74,5,0,0
BRDA:74,5,1,0
BRDA:85,6,0,0
BRDA:85,6,1,0
BRDA:94,7,0,0
BRDA:94,7,1,0
BRDA:98,8,0,0
BRDA:98,8,1,0
BRDA:121,9,0,0
BRDA:121,9,1,0
BRDA:155,10,0,0
BRDA:155,10,1,0
BRDA:163,11,0,0
BRDA:163,11,1,0
BRDA:173,12,0,0
BRDA:173,12,1,0
BRDA:187,13,0,0
BRDA:187,13,1,0
BRDA:194,14,0,0
BRDA:194,14,1,0
BRDA:205,15,0,0
BRDA:205,15,1,0
BRDA:218,16,0,0
BRDA:218,16,1,0
BRF:34
BRH:0
end_of_record
TN:
SF:app/api/admin/llm-usage/route.ts
FN:18,DELETE
FN:156,GET
FNF:2
FNH:0
FNDA:0,DELETE
FNDA:0,GET
DA:1,0
DA:2,0
DA:18,0
DA:20,0
DA:21,0
DA:23,0
DA:24,0
DA:31,0
DA:32,0
DA:38,0
DA:39,0
DA:40,0
DA:43,0
DA:44,0
DA:51,0
DA:53,0
DA:55,0
DA:56,0
DA:57,0
DA:62,0
DA:65,0
DA:66,0
DA:67,0
DA:68,0
DA:73,0
DA:76,0
DA:77,0
DA:78,0
DA:79,0
DA:84,0
DA:85,0
DA:86,0
DA:87,0
DA:92,0
DA:96,0
DA:98,0
DA:99,0
DA:100,0
DA:107,0
DA:108,0
DA:117,0
DA:119,0
DA:120,0
DA:122,0
DA:123,0
DA:125,0
DA:126,0
DA:129,0
DA:131,0
DA:132,0
DA:133,0
DA:139,0
DA:147,0
DA:148,0
DA:156,0
DA:158,0
DA:159,0
DA:161,0
DA:162,0
DA:169,0
DA:170,0
DA:176,0
DA:177,0
DA:178,0
DA:179,0
DA:181,0
DA:182,0
DA:188,0
DA:189,0
DA:191,0
DA:192,0
DA:195,0
DA:197,0
DA:198,0
DA:204,0
DA:211,0
DA:212,0
LF:77
LH:0
BRDA:23,0,0,0
BRDA:23,0,1,0
BRDA:23,1,0,0
BRDA:23,1,1,0
BRDA:31,2,0,0
BRDA:31,2,1,0
BRDA:40,3,0,0
BRDA:43,4,0,0
BRDA:43,4,1,0
BRDA:43,5,0,0
BRDA:43,5,1,0
BRDA:43,5,2,0
BRDA:53,6,0,0
BRDA:53,6,1,0
BRDA:56,7,0,0
BRDA:56,7,1,0
BRDA:65,8,0,0
BRDA:65,8,1,0
BRDA:67,9,0,0
BRDA:67,9,1,0
BRDA:76,10,0,0
BRDA:76,10,1,0
BRDA:78,11,0,0
BRDA:78,11,1,0
BRDA:78,12,0,0
BRDA:78,12,1,0
BRDA:86,13,0,0
BRDA:86,13,1,0
BRDA:86,14,0,0
BRDA:86,14,1,0
BRDA:98,15,0,0
BRDA:98,15,1,0
BRDA:107,16,0,0
BRDA:107,16,1,0
BRDA:119,17,0,0
BRDA:119,17,1,0
BRDA:122,18,0,0
BRDA:122,18,1,0
BRDA:125,19,0,0
BRDA:125,19,1,0
BRDA:131,20,0,0
BRDA:131,20,1,0
BRDA:149,21,0,0
BRDA:149,21,1,0
BRDA:161,22,0,0
BRDA:161,22,1,0
BRDA:161,23,0,0
BRDA:161,23,1,0
BRDA:169,24,0,0
BRDA:169,24,1,0
BRDA:177,25,0,0
BRDA:177,25,1,0
BRDA:188,26,0,0
BRDA:188,26,1,0
BRDA:191,27,0,0
BRDA:191,27,1,0
BRDA:197,28,0,0
BRDA:197,28,1,0
BRDA:206,29,0,0
BRDA:206,29,1,0
BRF:60
BRH:0
end_of_record
TN:
SF:app/api/admin/refresh-views/route.ts
FN:20,POST
FN:97,GET
FNF:2
FNH:0
FNDA:0,POST
FNDA:0,GET
DA:1,0
DA:2,0
DA:4,0
DA:20,0
DA:21,0
DA:23,0
DA:24,0
DA:25,0
DA:27,0
DA:29,0
DA:30,0
DA:31,0
DA:37,0
DA:38,0
DA:44,0
DA:45,0
DA:52,0
DA:53,0
DA:55,0
DA:56,0
DA:57,0
DA:66,0
DA:69,0
DA:71,0
DA:80,0
DA:81,0
DA:97,0
DA:98,0
DA:99,0
DA:100,0
DA:106,0
DA:108,0
DA:109,0
DA:110,0
DA:116,0
DA:123,0
DA:124,0
LF:37
LH:0
BRDA:25,0,0,0
BRDA:25,0,1,0
BRDA:29,1,0,0
BRDA:29,1,1,0
BRDA:37,2,0,0
BRDA:37,2,1,0
BRDA:44,3,0,0
BRDA:44,3,1,0
BRDA:55,4,0,0
BRDA:55,4,1,0
BRDA:84,5,0,0
BRDA:84,5,1,0
BRDA:99,6,0,0
BRDA:99,6,1,0
BRDA:108,7,0,0
BRDA:108,7,1,0
BRF:16
BRH:0
end_of_record
TN:
SF:app/api/admin/scale-health/route.ts
FN:20,GET
FNF:1
FNH:0
FNDA:0,GET
DA:8,0
DA:9,0
DA:10,0
DA:11,0
DA:13,0
DA:15,0
DA:20,0
DA:21,0
DA:22,0
DA:23,0
DA:29,0
DA:30,0
DA:31,0
DA:37,0
DA:38,0
DA:44,0
DA:45,0
DA:50,0
DA:56,0
DA:57,0
LF:20
LH:0
BRDA:13,0,0,0
BRDA:13,0,1,0
BRDA:22,1,0,0
BRDA:22,1,1,0
BRDA:30,2,0,0
BRDA:30,2,1,0
BRDA:37,3,0,0
BRDA:37,3,1,0
BRF:8
BRH:0
end_of_record
TN:
SF:app/api/admin/scale-health/alerts/route.ts
FN:23,GET
FNF:1
FNH:0
FNDA:0,GET
DA:8,0
DA:9,0
DA:10,0
DA:11,0
DA:14,0
DA:16,0
DA:21,0
DA:23,0
DA:24,0
DA:25,0
DA:26,0
DA:32,0
DA:33,0
DA:34,0
DA:40,0
DA:41,0
DA:47,0
DA:48,0
DA:49,0
DA:53,0
DA:54,0
DA:56,0
DA:62,0
DA:63,0
LF:24
LH:0
BRDA:14,0,0,0
BRDA:14,0,1,0
BRDA:25,1,0,0
BRDA:25,1,1,0
BRDA:33,2,0,0
BRDA:33,2,1,0
BRDA:40,3,0,0
BRDA:40,3,1,0
BRDA:49,4,0,0
BRDA:49,4,1,0
BRDA:49,5,0,0
BRDA:49,5,1,0
BRF:12
BRH:0
end_of_record
TN:
SF:app/api/admin/scale-health/alerts/[id]/acknowledge/route.ts
FN:20,POST
FNF:1
FNH:0
FNDA:0,POST
DA:8,0
DA:9,0
DA:10,0
DA:11,0
DA:13,0
DA:15,0
DA:20,0
DA:24,0
DA:25,0
DA:26,0
DA:32,0
DA:33,0
DA:34,0
DA:40,0
DA:41,0
DA:47,0
DA:48,0
DA:49,0
DA:55,0
DA:56,0
DA:58,0
DA:59,0
DA:65,0
DA:71,0
DA:72,0
LF:25
LH:0
BRDA:13,0,0,0
BRDA:13,0,1,0
BRDA:25,1,0,0
BRDA:25,1,1,0
BRDA:33,2,0,0
BRDA:33,2,1,0
BRDA:40,3,0,0
BRDA:40,3,1,0
BRDA:48,4,0,0
BRDA:48,4,1,0
BRDA:58,5,0,0
BRDA:58,5,1,0
BRF:12
BRH:0
end_of_record
TN:
SF:app/api/admin/scale-health/alerts/[id]/resolve/route.ts
FN:20,POST
FNF:1
FNH:0
FNDA:0,POST
DA:8,0
DA:9,0
DA:10,0
DA:11,0
DA:13,0
DA:15,0
DA:20,0
DA:24,0
DA:25,0
DA:26,0
DA:32,0
DA:33,0
DA:34,0
DA:40,0
DA:41,0
DA:47,0
DA:48,0
DA:49,0
DA:55,0
DA:56,0
DA:58,0
DA:59,0
DA:65,0
DA:66,0
DA:68,0
DA:69,0
DA:75,0
DA:81,0
DA:82,0
LF:29
LH:0
BRDA:13,0,0,0
BRDA:13,0,1,0
BRDA:25,1,0,0
BRDA:25,1,1,0
BRDA:33,2,0,0
BRDA:33,2,1,0
BRDA:40,3,0,0
BRDA:40,3,1,0
BRDA:48,4,0,0
BRDA:48,4,1,0
BRDA:58,5,0,0
BRDA:58,5,1,0
BRDA:58,6,0,0
BRDA:58,6,1,0
BRDA:68,7,0,0
BRDA:68,7,1,0
BRF:16
BRH:0
end_of_record
TN:
SF:app/api/admin/scale-health/history/route.ts
FN:20,GET
FNF:1
FNH:0
FNDA:0,GET
DA:8,0
DA:9,0
DA:10,0
DA:11,0
DA:13,0
DA:15,0
DA:20,0
DA:21,0
DA:22,0
DA:23,0
DA:29,0
DA:30,0
DA:31,0
DA:37,0
DA:38,0
DA:44,0
DA:45,0
DA:46,0
DA:48,0
DA:49,0
DA:51,0
DA:57,0
DA:58,0
LF:23
LH:0
BRDA:13,0,0,0
BRDA:13,0,1,0
BRDA:22,1,0,0
BRDA:22,1,1,0
BRDA:30,2,0,0
BRDA:30,2,1,0
BRDA:37,3,0,0
BRDA:37,3,1,0
BRDA:46,4,0,0
BRDA:46,4,1,0
BRDA:46,5,0,0
BRDA:46,5,1,0
BRF:12
BRH:0
end_of_record
TN:
SF:app/api/admin/scale-health/run-checks/route.ts
FN:22,POST
FNF:1
FNH:0
FNDA:0,POST
DA:9,0
DA:10,0
DA:11,0
DA:12,0
DA:14,0
DA:15,0
DA:17,0
DA:22,0
DA:23,0
DA:24,0
DA:25,0
DA:32,0
DA:33,0
DA:35,0
DA:36,0
DA:37,0
DA:38,0
DA:43,0
DA:44,0
DA:51,0
DA:52,0
DA:54,0
DA:60,0
DA:61,0
LF:24
LH:0
BRDA:14,0,0,0
BRDA:14,0,1,0
BRDA:15,1,0,0
BRDA:15,1,1,0
BRDA:24,2,0,0
BRDA:24,2,1,0
BRDA:33,3,0,0
BRDA:33,3,1,0
BRDA:35,4,0,0
BRDA:35,4,1,0
BRDA:37,5,0,0
BRDA:37,5,1,0
BRDA:43,6,0,0
BRDA:43,6,1,0
BRF:14
BRH:0
end_of_record
TN:
SF:app/api/admin/unified-audit/route.ts
FN:47,GET
FN:88,(anonymous_1)
FN:119,(anonymous_2)
FN:149,(anonymous_3)
FN:164,(anonymous_4)
FNF:5
FNH:0
FNDA:0,GET
FNDA:0,(anonymous_1)
FNDA:0,(anonymous_2)
FNDA:0,(anonymous_3)
FNDA:0,(anonymous_4)
DA:1,0
DA:2,0
DA:3,0
DA:5,0
DA:17,0
DA:19,0
DA:47,0
DA:48,0
DA:49,0
DA:51,0
DA:52,0
DA:59,0
DA:60,0
DA:66,0
DA:67,0
DA:68,0
DA:69,0
DA:71,0
DA:74,0
DA:75,0
DA:81,0
DA:82,0
DA:85,0
DA:87,0
DA:88,0
DA:89,0
DA:105,0
DA:106,0
DA:112,0
DA:113,0
DA:116,0
DA:118,0
DA:119,0
DA:120,0
DA:135,0
DA:136,0
DA:142,0
DA:143,0
DA:146,0
DA:148,0
DA:149,0
DA:150,0
DA:164,0
DA:165,0
DA:169,0
DA:171,0
DA:179,0
DA:180,0
LF:48
LH:0
BRDA:17,0,0,0
BRDA:17,0,1,0
BRDA:51,1,0,0
BRDA:51,1,1,0
BRDA:59,2,0,0
BRDA:59,2,1,0
BRDA:67,3,0,0
BRDA:67,3,1,0
BRDA:74,4,0,0
BRDA:74,4,1,0
BRDA:74,5,0,0
BRDA:74,5,1,0
BRDA:81,6,0,0
BRDA:81,6,1,0
BRDA:87,7,0,0
BRDA:87,7,1,0
BRDA:105,8,0,0
BRDA:105,8,1,0
BRDA:105,9,0,0
BRDA:105,9,1,0
BRDA:112,10,0,0
BRDA:112,10,1,0
BRDA:118,11,0,0
BRDA:118,11,1,0
BRDA:135,12,0,0
BRDA:135,12,1,0
BRDA:135,13,0,0
BRDA:135,13,1,0
BRDA:142,14,0,0
BRDA:142,14,1,0
BRDA:148,15,0,0
BRDA:148,15,1,0
BRDA:156,16,0,0
BRDA:156,16,1,0
BRF:34
BRH:0
end_of_record
TN:
SF:app/api/admin/webhook-dlq/route.ts
FN:29,GET
FNF:1
FNH:0
FNDA:0,GET
DA:10,0
DA:11,0
DA:12,0
DA:29,0
DA:30,0
DA:32,0
DA:33,0
DA:34,0
DA:41,0
DA:42,0
DA:43,0
DA:50,0
DA:51,0
DA:52,0
DA:53,0
DA:57,0
DA:58,0
DA:61,0
DA:65,0
DA:68,0
DA:79,0
DA:80,0
LF:22
LH:0
BRDA:33,0,0,0
BRDA:33,0,1,0
BRDA:41,1,0,0
BRDA:41,1,1,0
BRDA:42,2,0,0
BRDA:42,2,1,0
BRDA:53,3,0,0
BRDA:53,3,1,0
BRDA:57,4,0,0
BRDA:57,4,1,0
BRDA:72,5,0,0
BRDA:72,5,1,0
BRDA:73,6,0,0
BRDA:73,6,1,0
BRDA:81,7,0,0
BRDA:81,7,1,0
BRF:16
BRH:0
end_of_record
TN:
SF:app/api/ask/route.ts
FN:38,parseDateIntent
FN:40,(anonymous_2)
FN:43,(anonymous_3)
FN:75,POST
FN:108,(anonymous_5)
FN:186,(anonymous_6)
FNF:6
FNH:0
FNDA:0,parseDateIntent
FNDA:0,(anonymous_2)
FNDA:0,(anonymous_3)
FNDA:0,POST
FNDA:0,(anonymous_5)
FNDA:0,(anonymous_6)
DA:1,0
DA:2,0
DA:3,0
DA:4,0
DA:5,0
DA:6,0
DA:7,0
DA:8,0
DA:10,0
DA:39,0
DA:40,0
DA:41,0
DA:43,0
DA:45,0
DA:46,0
DA:47,0
DA:48,0
DA:50,0
DA:51,0
DA:52,0
DA:53,0
DA:55,0
DA:56,0
DA:57,0
DA:59,0
DA:60,0
DA:62,0
DA:63,0
DA:64,0
DA:66,0
DA:67,0
DA:68,0
DA:69,0
DA:72,0
DA:75,0
DA:76,0
DA:77,0
DA:79,0
DA:80,0
DA:87,0
DA:88,0
DA:90,0
DA:91,0
DA:97,0
DA:98,0
DA:100,0
DA:101,0
DA:107,0
DA:108,0
DA:109,0
DA:110,0
DA:112,0
DA:115,0
DA:118,0
DA:119,0
DA:120,0
DA:127,0
DA:128,0
DA:132,0
DA:135,0
DA:136,0
DA:138,0
DA:139,0
DA:141,0
DA:142,0
DA:147,0
DA:148,0
DA:153,0
DA:173,0
DA:175,0
DA:178,0
DA:179,0
DA:184,0
DA:186,0
DA:188,0
DA:189,0
DA:190,0
DA:191,0
DA:193,0
DA:198,0
DA:200,0
DA:201,0
DA:203,0
DA:206,0
DA:221,0
DA:222,0
DA:223,0
DA:224,0
DA:225,0
DA:231,0
DA:232,0
DA:237,0
DA:246,0
DA:247,0
DA:248,0
DA:253,0
DA:254,0
DA:257,0
DA:264,0
DA:266,0
DA:267,0
DA:269,0
DA:270,0
DA:272,0
DA:273,0
DA:275,0
DA:276,0
DA:278,0
DA:280,0
DA:289,0
DA:290,0
DA:297,0
LF:112
LH:0
BRDA:45,0,0,0
BRDA:45,0,1,0
BRDA:50,1,0,0
BRDA:50,1,1,0
BRDA:55,2,0,0
BRDA:55,2,1,0
BRDA:59,3,0,0
BRDA:59,3,1,0
BRDA:62,4,0,0
BRDA:62,4,1,0
BRDA:66,5,0,0
BRDA:66,5,1,0
BRDA:79,6,0,0
BRDA:79,6,1,0
BRDA:87,7,0,0
BRDA:87,7,1,0
BRDA:90,8,0,0
BRDA:90,8,1,0
BRDA:100,9,0,0
BRDA:100,9,1,0
BRDA:100,10,0,0
BRDA:100,10,1,0
BRDA:109,11,0,0
BRDA:109,11,1,0
BRDA:110,12,0,0
BRDA:110,12,1,0
BRDA:110,12,2,0
BRDA:112,13,0,0
BRDA:112,13,1,0
BRDA:112,13,2,0
BRDA:119,14,0,0
BRDA:119,14,1,0
BRDA:132,15,0,0
BRDA:132,15,1,0
BRDA:138,16,0,0
BRDA:138,16,1,0
BRDA:138,17,0,0
BRDA:138,17,1,0
BRDA:139,18,0,0
BRDA:139,18,1,0
BRDA:139,19,0,0
BRDA:139,19,1,0
BRDA:141,20,0,0
BRDA:141,20,1,0
BRDA:141,21,0,0
BRDA:141,21,1,0
BRDA:147,22,0,0
BRDA:147,22,1,0
BRDA:147,23,0,0
BRDA:147,23,1,0
BRDA:175,24,0,0
BRDA:175,24,1,0
BRDA:176,25,0,0
BRDA:176,25,1,0
BRDA:179,26,0,0
BRDA:179,26,1,0
BRDA:184,27,0,0
BRDA:184,27,1,0
BRDA:184,27,2,0
BRDA:188,28,0,0
BRDA:188,28,1,0
BRDA:189,29,0,0
BRDA:189,29,1,0
BRDA:190,30,0,0
BRDA:190,30,1,0
BRDA:191,31,0,0
BRDA:191,31,1,0
BRDA:195,32,0,0
BRDA:195,32,1,0
BRDA:198,33,0,0
BRDA:198,33,1,0
BRDA:200,34,0,0
BRDA:200,34,1,0
BRDA:221,35,0,0
BRDA:221,35,1,0
BRDA:222,36,0,0
BRDA:222,36,1,0
BRDA:231,37,0,0
BRDA:231,37,1,0
BRDA:246,38,0,0
BRDA:246,38,1,0
BRDA:254,39,0,0
BRDA:254,39,1,0
BRDA:266,40,0,0
BRDA:266,40,1,0
BRDA:269,41,0,0
BRDA:269,41,1,0
BRDA:272,42,0,0
BRDA:272,42,1,0
BRDA:275,43,0,0
BRDA:275,43,1,0
BRF:91
BRH:0
end_of_record
TN:
SF:app/api/ask-key/route.ts
FN:9,GET
FN:27,POST
FN:51,DELETE
FNF:3
FNH:0
FNDA:0,GET
FNDA:0,POST
FNDA:0,DELETE
DA:1,0
DA:2,0
DA:3,0
DA:4,0
DA:5,0
DA:7,0
DA:9,0
DA:10,0
DA:11,0
DA:12,0
DA:14,0
DA:15,0
DA:16,0
DA:17,0
DA:19,0
DA:27,0
DA:28,0
DA:29,0
DA:30,0
DA:32,0
DA:34,0
DA:35,0
DA:37,0
DA:39,0
DA:40,0
DA:41,0
DA:42,0
DA:44,0
DA:45,0
DA:46,0
DA:48,0
DA:51,0
DA:52,0
DA:53,0
DA:54,0
DA:56,0
DA:57,0
DA:58,0
DA:59,0
DA:60,0
DA:61,0
DA:63,0
LF:42
LH:0
BRDA:11,0,0,0
BRDA:11,0,1,0
BRDA:14,1,0,0
BRDA:14,1,1,0
BRDA:16,2,0,0
BRDA:16,2,1,0
BRDA:29,3,0,0
BRDA:29,3,1,0
BRDA:32,4,0,0
BRDA:32,4,1,0
BRDA:39,5,0,0
BRDA:39,5,1,0
BRDA:40,6,0,0
BRDA:40,6,1,0
BRDA:41,7,0,0
BRDA:41,7,1,0
BRDA:45,8,0,0
BRDA:45,8,1,0
BRDA:46,9,0,0
BRDA:46,9,1,0
BRDA:53,10,0,0
BRDA:53,10,1,0
BRDA:56,11,0,0
BRDA:56,11,1,0
BRDA:58,12,0,0
BRDA:58,12,1,0
BRDA:60,13,0,0
BRDA:60,13,1,0
BRDA:61,14,0,0
BRDA:61,14,1,0
BRF:30
BRH:0
end_of_record
TN:
SF:app/api/ask-models/route.ts
FN:11,fetchModels
FN:24,(anonymous_1)
FN:26,(anonymous_2)
FN:44,(anonymous_3)
FN:46,(anonymous_4)
FN:50,GET
FNF:6
FNH:0
FNDA:0,fetchModels
FNDA:0,(anonymous_1)
FNDA:0,(anonymous_2)
FNDA:0,(anonymous_3)
FNDA:0,(anonymous_4)
FNDA:0,GET
DA:1,0
DA:2,0
DA:3,0
DA:4,0
DA:5,0
DA:7,0
DA:12,0
DA:13,0
DA:18,0
DA:19,0
DA:20,0
DA:22,0
DA:23,0
DA:24,0
DA:26,0
DA:27,0
DA:31,0
DA:34,0
DA:35,0
DA:37,0
DA:38,0
DA:39,0
DA:40,0
DA:42,0
DA:43,0
DA:44,0
DA:46,0
DA:47,0
DA:50,0
DA:51,0
DA:52,0
DA:53,0
DA:56,0
DA:57,0
DA:58,0
DA:62,0
DA:63,0
DA:65,0
DA:67,0
DA:68,0
DA:74,0
DA:75,0
DA:76,0
DA:79,0
DA:82,0
DA:83,0
DA:85,0
LF:47
LH:0
BRDA:12,0,0,0
BRDA:12,0,1,0
BRDA:18,1,0,0
BRDA:18,1,1,0
BRDA:20,2,0,0
BRDA:20,2,1,0
BRDA:23,3,0,0
BRDA:23,3,1,0
BRDA:34,4,0,0
BRDA:34,4,1,0
BRDA:38,5,0,0
BRDA:38,5,1,0
BRDA:40,6,0,0
BRDA:40,6,1,0
BRDA:43,7,0,0
BRDA:43,7,1,0
BRDA:52,8,0,0
BRDA:52,8,1,0
BRDA:57,9,0,0
BRDA:57,9,1,0
BRDA:58,10,0,0
BRDA:58,10,1,0
BRDA:65,11,0,0
BRDA:65,11,1,0
BRDA:65,11,2,0
BRDA:67,12,0,0
BRDA:67,12,1,0
BRDA:79,13,0,0
BRDA:79,13,1,0
BRDA:86,14,0,0
BRDA:86,14,1,0
BRF:31
BRH:0
end_of_record
TN:
SF:app/api/ask/key/route.ts
FN:9,GET
FN:27,POST
FN:51,DELETE
FNF:3
FNH:0
FNDA:0,GET
FNDA:0,POST
FNDA:0,DELETE
DA:1,0
DA:2,0
DA:3,0
DA:4,0
DA:5,0
DA:7,0
DA:9,0
DA:10,0
DA:11,0
DA:12,0
DA:14,0
DA:15,0
DA:16,0
DA:17,0
DA:19,0
DA:27,0
DA:28,0
DA:29,0
DA:30,0
DA:32,0
DA:34,0
DA:35,0
DA:37,0
DA:39,0
DA:40,0
DA:41,0
DA:42,0
DA:44,0
DA:45,0
DA:46,0
DA:48,0
DA:51,0
DA:52,0
DA:53,0
DA:54,0
DA:56,0
DA:57,0
DA:58,0
DA:59,0
DA:60,0
DA:61,0
DA:63,0
LF:42
LH:0
BRDA:11,0,0,0
BRDA:11,0,1,0
BRDA:14,1,0,0
BRDA:14,1,1,0
BRDA:16,2,0,0
BRDA:16,2,1,0
BRDA:29,3,0,0
BRDA:29,3,1,0
BRDA:32,4,0,0
BRDA:32,4,1,0
BRDA:39,5,0,0
BRDA:39,5,1,0
BRDA:40,6,0,0
BRDA:40,6,1,0
BRDA:41,7,0,0
BRDA:41,7,1,0
BRDA:45,8,0,0
BRDA:45,8,1,0
BRDA:46,9,0,0
BRDA:46,9,1,0
BRDA:53,10,0,0
BRDA:53,10,1,0
BRDA:56,11,0,0
BRDA:56,11,1,0
BRDA:58,12,0,0
BRDA:58,12,1,0
BRDA:60,13,0,0
BRDA:60,13,1,0
BRDA:61,14,0,0
BRDA:61,14,1,0
BRF:30
BRH:0
end_of_record
TN:
SF:app/api/ask/models/route.ts
FN:11,fetchModels
FN:24,(anonymous_1)
FN:26,(anonymous_2)
FN:44,(anonymous_3)
FN:46,(anonymous_4)
FN:50,GET
FNF:6
FNH:0
FNDA:0,fetchModels
FNDA:0,(anonymous_1)
FNDA:0,(anonymous_2)
FNDA:0,(anonymous_3)
FNDA:0,(anonymous_4)
FNDA:0,GET
DA:1,0
DA:2,0
DA:3,0
DA:4,0
DA:5,0
DA:7,0
DA:12,0
DA:13,0
DA:18,0
DA:19,0
DA:20,0
DA:22,0
DA:23,0
DA:24,0
DA:26,0
DA:27,0
DA:31,0
DA:34,0
DA:35,0
DA:37,0
DA:38,0
DA:39,0
DA:40,0
DA:42,0
DA:43,0
DA:44,0
DA:46,0
DA:47,0
DA:50,0
DA:51,0
DA:52,0
DA:53,0
DA:56,0
DA:57,0
DA:58,0
DA:62,0
DA:63,0
DA:65,0
DA:67,0
DA:68,0
DA:74,0
DA:75,0
DA:76,0
DA:79,0
DA:82,0
DA:83,0
DA:85,0
LF:47
LH:0
BRDA:12,0,0,0
BRDA:12,0,1,0
BRDA:18,1,0,0
BRDA:18,1,1,0
BRDA:20,2,0,0
BRDA:20,2,1,0
BRDA:23,3,0,0
BRDA:23,3,1,0
BRDA:34,4,0,0
BRDA:34,4,1,0
BRDA:38,5,0,0
BRDA:38,5,1,0
BRDA:40,6,0,0
BRDA:40,6,1,0
BRDA:43,7,0,0
BRDA:43,7,1,0
BRDA:52,8,0,0
BRDA:52,8,1,0
BRDA:57,9,0,0
BRDA:57,9,1,0
BRDA:58,10,0,0
BRDA:58,10,1,0
BRDA:65,11,0,0
BRDA:65,11,1,0
BRDA:65,11,2,0
BRDA:67,12,0,0
BRDA:67,12,1,0
BRDA:79,13,0,0
BRDA:79,13,1,0
BRDA:86,14,0,0
BRDA:86,14,1,0
BRF:31
BRH:0
end_of_record
TN:
SF:app/api/audit-logs/route.ts
FN:14,GET
FNF:1
FNH:0
FNDA:0,GET
DA:10,0
DA:11,0
DA:12,0
DA:14,0
DA:15,0
DA:17,0
DA:18,0
DA:25,0
DA:26,0
DA:27,0
DA:33,0
DA:34,0
DA:36,0
DA:37,0
DA:44,0
DA:45,0
DA:46,0
DA:47,0
DA:48,0
DA:49,0
DA:50,0
DA:51,0
DA:54,0
DA:55,0
DA:62,0
DA:69,0
DA:70,0
DA:77,0
DA:86,0
DA:96,0
DA:97,0
LF:31
LH:0
BRDA:17,0,0,0
BRDA:17,0,1,0
BRDA:26,1,0,0
BRDA:26,1,1,0
BRDA:36,2,0,0
BRDA:36,2,1,0
BRDA:36,3,0,0
BRDA:36,3,1,0
BRDA:48,4,0,0
BRDA:48,4,1,0
BRDA:49,5,0,0
BRDA:49,5,1,0
BRDA:54,6,0,0
BRDA:54,6,1,0
BRDA:69,7,0,0
BRDA:69,7,1,0
BRDA:80,8,0,0
BRDA:80,8,1,0
BRDA:81,9,0,0
BRDA:81,9,1,0
BRDA:82,10,0,0
BRDA:82,10,1,0
BRDA:83,11,0,0
BRDA:83,11,1,0
BRF:24
BRH:0
end_of_record
TN:
SF:app/api/audit/active-sessions/route.ts
FN:12,GET
FNF:1
FNH:0
FNDA:0,GET
DA:8,0
DA:9,0
DA:10,0
DA:12,0
DA:13,0
DA:14,0
DA:15,0
DA:22,0
DA:23,0
DA:24,0
DA:30,0
DA:34,0
DA:36,0
DA:37,0
DA:41,0
DA:43,0
DA:49,0
DA:50,0
LF:18
LH:0
BRDA:14,0,0,0
BRDA:14,0,1,0
BRDA:23,1,0,0
BRDA:23,1,1,0
BRDA:36,2,0,0
BRDA:36,2,1,0
BRDA:36,3,0,0
BRDA:36,3,1,0
BRDA:53,4,0,0
BRDA:53,4,1,0
BRF:10
BRH:0
end_of_record
TN:
SF:app/api/audit/login-history/route.ts
FN:17,GET
FN:70,(anonymous_1)
FNF:2
FNH:0
FNDA:0,GET
FNDA:0,(anonymous_1)
DA:13,0
DA:14,0
DA:15,0
DA:17,0
DA:18,0
DA:19,0
DA:20,0
DA:27,0
DA:28,0
DA:29,0
DA:35,0
DA:39,0
DA:41,0
DA:42,0
DA:46,0
DA:47,0
DA:51,0
DA:54,0
DA:57,0
DA:60,0
DA:67,0
DA:70,0
DA:86,0
DA:87,0
LF:24
LH:0
BRDA:19,0,0,0
BRDA:19,0,1,0
BRDA:28,1,0,0
BRDA:28,1,1,0
BRDA:41,2,0,0
BRDA:41,2,1,0
BRDA:41,3,0,0
BRDA:41,3,1,0
BRDA:48,4,0,0
BRDA:48,4,1,0
BRDA:51,5,0,0
BRDA:51,5,1,0
BRDA:54,6,0,0
BRDA:54,6,1,0
BRDA:57,7,0,0
BRDA:57,7,1,0
BRDA:74,8,0,0
BRDA:74,8,1,0
BRDA:90,9,0,0
BRDA:90,9,1,0
BRF:20
BRH:0
end_of_record
TN:
SF:app/api/billing/history/route.ts
FN:18,GET
FN:65,(anonymous_1)
FNF:2
FNH:0
FNDA:0,GET
FNDA:0,(anonymous_1)
DA:1,0
DA:2,0
DA:3,0
DA:5,0
DA:18,0
DA:19,0
DA:21,0
DA:22,0
DA:23,0
DA:24,0
DA:26,0
DA:27,0
DA:28,0
DA:30,0
DA:31,0
DA:32,0
DA:33,0
DA:35,0
DA:36,0
DA:37,0
DA:40,0
DA:48,0
DA:57,0
DA:65,0
DA:67,0
DA:77,0
DA:82,0
DA:83,0
LF:28
LH:0
BRDA:22,0,0,0
BRDA:22,0,1,0
BRDA:24,1,0,0
BRDA:24,1,1,0
BRDA:65,2,0,0
BRDA:65,2,1,0
BRDA:65,3,0,0
BRDA:65,3,1,0
BRDA:70,4,0,0
BRDA:70,4,1,0
BRDA:71,5,0,0
BRDA:71,5,1,0
BRDA:73,6,0,0
BRDA:73,6,1,0
BRF:14
BRH:0
end_of_record
TN:
SF:app/api/billing/usage/route.ts
FN:25,GET
FN:113,(anonymous_1)
FN:137,(anonymous_2)
FN:138,(anonymous_3)
FN:141,(anonymous_4)
FN:145,(anonymous_5)
FN:185,getPlanLimits
FN:216,getPlanFeatures
FNF:8
FNH:0
FNDA:0,GET
FNDA:0,(anonymous_1)
FNDA:0,(anonymous_2)
FNDA:0,(anonymous_3)
FNDA:0,(anonymous_4)
FNDA:0,(anonymous_5)
FNDA:0,getPlanLimits
FNDA:0,getPlanFeatures
DA:1,0
DA:2,0
DA:3,0
DA:4,0
DA:5,0
DA:6,0
DA:8,0
DA:25,0
DA:27,0
DA:28,0
DA:29,0
DA:35,0
DA:37,0
DA:38,0
DA:41,0
DA:42,0
DA:43,0
DA:44,0
DA:52,0
DA:53,0
DA:56,0
DA:57,0
DA:59,0
DA:60,0
DA:64,0
DA:65,0
DA:66,0
DA:68,0
DA:70,0
DA:77,0
DA:80,0
DA:88,0
DA:96,0
DA:105,0
DA:113,0
DA:114,0
DA:117,0
DA:118,0
DA:122,0
DA:123,0
DA:124,0
DA:125,0
DA:126,0
DA:127,0
DA:130,0
DA:138,0
DA:141,0
DA:142,0
DA:146,0
DA:149,0
DA:169,0
DA:170,0
DA:186,0
DA:213,0
DA:217,0
DA:249,0
LF:56
LH:0
BRDA:28,0,0,0
BRDA:28,0,1,0
BRDA:38,1,0,0
BRDA:38,1,1,0
BRDA:41,2,0,0
BRDA:41,2,1,0
BRDA:43,3,0,0
BRDA:43,3,1,0
BRDA:56,4,0,0
BRDA:56,4,1,0
BRDA:56,5,0,0
BRDA:56,5,1,0
BRDA:77,6,0,0
BRDA:77,6,1,0
BRDA:113,7,0,0
BRDA:113,7,1,0
BRDA:113,8,0,0
BRDA:113,8,1,0
BRDA:114,9,0,0
BRDA:114,9,1,0
BRDA:138,10,0,0
BRDA:138,10,1,0
BRDA:138,11,0,0
BRDA:138,11,1,0
BRDA:156,12,0,0
BRDA:156,12,1,0
BRDA:157,13,0,0
BRDA:157,13,1,0
BRDA:158,14,0,0
BRDA:158,14,1,0
BRDA:213,15,0,0
BRDA:213,15,1,0
BRDA:249,16,0,0
BRDA:249,16,1,0
BRF:34
BRH:0
end_of_record
TN:
SF:app/api/cache/route.ts
FN:7,GET
FN:18,POST
FN:88,DELETE
FNF:3
FNH:0
FNDA:0,GET
FNDA:0,POST
FNDA:0,DELETE
DA:1,0
DA:2,0
DA:4,0
DA:7,0
DA:8,0
DA:10,0
DA:18,0
DA:19,0
DA:20,0
DA:21,0
DA:23,0
DA:26,0
DA:27,0
DA:36,0
DA:37,0
DA:42,0
DA:43,0
DA:53,0
DA:54,0
DA:59,0
DA:60,0
DA:71,0
DA:72,0
DA:80,0
DA:88,0
DA:89,0
DA:91,0
LF:27
LH:0
BRDA:21,0,0,0
BRDA:23,1,0,0
BRDA:23,1,1,0
BRDA:23,1,2,0
BRDA:23,1,3,0
BRDA:23,1,4,0
BRDA:23,1,5,0
BRDA:36,2,0,0
BRDA:36,2,1,0
BRDA:48,3,0,0
BRDA:48,3,1,0
BRDA:53,4,0,0
BRDA:53,4,1,0
BRF:13
BRH:0
end_of_record
TN:
SF:app/api/campaigns/route.ts
FN:8,GET
FNF:1
FNH:0
FNDA:0,GET
DA:1,0
DA:2,0
DA:4,0
DA:6,0
DA:8,0
DA:10,0
DA:11,0
DA:17,0
DA:18,0
DA:21,0
DA:22,0
DA:23,0
DA:26,0
DA:28,0
DA:34,0
DA:35,0
DA:36,0
DA:39,0
DA:44,0
DA:45,0
LF:20
LH:0
BRDA:10,0,0,0
BRDA:10,0,1,0
BRDA:18,1,0,0
BRDA:18,1,1,0
BRDA:22,2,0,0
BRDA:22,2,1,0
BRDA:34,3,0,0
BRDA:34,3,1,0
BRDA:40,4,0,0
BRDA:40,4,1,0
BRF:10
BRH:0
end_of_record
TN:
SF:app/api/campaigns/[id]/route.ts
FN:17,jsonResponse
FN:25,PATCH
FN:114,DELETE
FNF:3
FNH:0
FNDA:0,jsonResponse
FNDA:0,PATCH
FNDA:0,DELETE
DA:9,0
DA:10,0
DA:11,0
DA:18,0
DA:25,0
DA:29,0
DA:33,0
DA:34,0
DA:36,0
DA:40,0
DA:41,0
DA:42,0
DA:47,0
DA:48,0
DA:50,0
DA:53,0
DA:54,0
DA:57,0
DA:58,0
DA:62,0
DA:68,0
DA:69,0
DA:73,0
DA:80,0
DA:81,0
DA:88,0
DA:99,0
DA:100,0
DA:101,0
DA:104,0
DA:114,0
DA:118,0
DA:122,0
DA:123,0
DA:125,0
DA:129,0
DA:130,0
DA:131,0
DA:135,0
DA:141,0
DA:142,0
DA:146,0
DA:153,0
DA:154,0
DA:156,0
DA:157,0
DA:164,0
DA:169,0
DA:170,0
DA:171,0
DA:174,0
LF:51
LH:0
BRDA:17,0,0,0
BRDA:41,1,0,0
BRDA:41,1,1,0
BRDA:57,2,0,0
BRDA:57,2,1,0
BRDA:57,3,0,0
BRDA:57,3,1,0
BRDA:68,4,0,0
BRDA:68,4,1,0
BRDA:68,5,0,0
BRDA:68,5,1,0
BRDA:80,6,0,0
BRDA:80,6,1,0
BRDA:80,7,0,0
BRDA:80,7,1,0
BRDA:91,8,0,0
BRDA:91,8,1,0
BRDA:92,9,0,0
BRDA:92,9,1,0
BRDA:99,10,0,0
BRDA:99,10,1,0
BRDA:130,11,0,0
BRDA:130,11,1,0
BRDA:141,12,0,0
BRDA:141,12,1,0
BRDA:141,13,0,0
BRDA:141,13,1,0
BRDA:153,14,0,0
BRDA:153,14,1,0
BRDA:154,15,0,0
BRDA:154,15,1,0
BRDA:156,16,0,0
BRDA:156,16,1,0
BRDA:156,17,0,0
BRDA:156,17,1,0
BRDA:169,18,0,0
BRDA:169,18,1,0
BRF:37
BRH:0
end_of_record
TN:
SF:app/api/campaigns/[id]/provision-status/route.ts
FN:25,GET
FN:83,(anonymous_1)
FN:84,(anonymous_2)
FNF:3
FNH:0
FNDA:0,GET
FNDA:0,(anonymous_1)
FNDA:0,(anonymous_2)
DA:9,0
DA:10,0
DA:11,0
DA:12,0
DA:14,0
DA:16,0
DA:25,0
DA:26,0
DA:29,0
DA:30,0
DA:31,0
DA:37,0
DA:40,0
DA:46,0
DA:47,0
DA:54,0
DA:57,0
DA:58,0
DA:59,0
DA:66,0
DA:72,0
DA:73,0
DA:74,0
DA:82,0
DA:83,0
DA:84,0
DA:86,0
LF:27
LH:0
BRDA:30,0,0,0
BRDA:30,0,1,0
BRDA:46,1,0,0
BRDA:46,1,1,0
BRDA:46,2,0,0
BRDA:46,2,1,0
BRDA:58,3,0,0
BRDA:58,3,1,0
BRDA:72,4,0,0
BRDA:72,4,1,0
BRDA:83,5,0,0
BRDA:83,5,1,0
BRDA:84,6,0,0
BRDA:84,6,1,0
BRDA:89,7,0,0
BRDA:89,7,1,0
BRF:16
BRH:0
end_of_record
TN:
SF:app/api/campaigns/[id]/toggle/route.ts
FN:41,jsonResponse
FN:49,POST
FN:155,(anonymous_2)
FN:228,(anonymous_3)
FNF:4
FNH:0
FNDA:0,jsonResponse
FNDA:0,POST
FNDA:0,(anonymous_2)
FNDA:0,(anonymous_3)
DA:10,0
DA:11,0
DA:12,0
DA:13,0
DA:15,0
DA:42,0
DA:49,0
DA:53,0
DA:56,0
DA:57,0
DA:61,0
DA:62,0
DA:63,0
DA:68,0
DA:69,0
DA:71,0
DA:74,0
DA:75,0
DA:76,0
DA:83,0
DA:89,0
DA:90,0
DA:95,0
DA:103,0
DA:104,0
DA:105,0
DA:112,0
DA:113,0
DA:120,0
DA:123,0
DA:124,0
DA:137,0
DA:139,0
DA:140,0
DA:142,0
DA:144,0
DA:145,0
DA:148,0
DA:156,0
DA:159,0
DA:168,0
DA:171,0
DA:175,0
DA:176,0
DA:178,0
DA:192,0
DA:194,0
DA:195,0
DA:200,0
DA:201,0
DA:205,0
DA:206,0
DA:209,0
DA:210,0
DA:212,0
DA:213,0
DA:214,0
DA:215,0
DA:216,0
DA:217,0
DA:220,0
DA:222,0
DA:230,0
DA:236,0
LF:64
LH:0
BRDA:41,0,0,0
BRDA:56,1,0,0
BRDA:56,1,1,0
BRDA:62,2,0,0
BRDA:62,2,1,0
BRDA:75,3,0,0
BRDA:75,3,1,0
BRDA:75,4,0,0
BRDA:75,4,1,0
BRDA:89,5,0,0
BRDA:89,5,1,0
BRDA:89,6,0,0
BRDA:89,6,1,0
BRDA:104,7,0,0
BRDA:104,7,1,0
BRDA:104,8,0,0
BRDA:104,8,1,0
BRDA:112,9,0,0
BRDA:112,9,1,0
BRDA:120,10,0,0
BRDA:120,10,1,0
BRDA:123,11,0,0
BRDA:123,11,1,0
BRDA:139,12,0,0
BRDA:139,12,1,0
BRDA:142,13,0,0
BRDA:142,13,1,0
BRDA:168,14,0,0
BRDA:168,14,1,0
BRDA:175,15,0,0
BRDA:175,15,1,0
BRDA:176,16,0,0
BRDA:176,16,1,0
BRDA:188,17,0,0
BRDA:188,17,1,0
BRDA:192,18,0,0
BRDA:192,18,1,0
BRDA:194,19,0,0
BRDA:194,19,1,0
BRDA:209,20,0,0
BRDA:209,20,1,0
BRDA:212,21,0,0
BRDA:212,21,1,0
BRDA:212,22,0,0
BRDA:212,22,1,0
BRDA:214,23,0,0
BRDA:214,23,1,0
BRDA:214,24,0,0
BRDA:214,24,1,0
BRDA:216,25,0,0
BRDA:216,25,1,0
BRDA:216,26,0,0
BRDA:216,26,1,0
BRDA:220,27,0,0
BRDA:220,27,1,0
BRF:55
BRH:0
end_of_record
TN:
SF:app/api/campaigns/provision/route.ts
FN:21,POST
FN:116,(anonymous_1)
FNF:2
FNH:0
FNDA:0,POST
FNDA:0,(anonymous_1)
DA:1,0
DA:2,0
DA:3,0
DA:4,0
DA:5,0
DA:7,0
DA:9,0
DA:21,0
DA:23,0
DA:24,0
DA:26,0
DA:27,0
DA:34,0
DA:35,0
DA:36,0
DA:42,0
DA:43,0
DA:51,0
DA:52,0
DA:54,0
DA:60,0
DA:63,0
DA:64,0
DA:70,0
DA:71,0
DA:78,0
DA:79,0
DA:80,0
DA:87,0
DA:88,0
DA:90,0
DA:92,0
DA:106,0
DA:107,0
DA:108,0
DA:115,0
DA:116,0
DA:123,0
DA:127,0
DA:128,0
DA:133,0
DA:141,0
DA:142,0
LF:43
LH:0
BRDA:26,0,0,0
BRDA:26,0,1,0
BRDA:35,1,0,0
BRDA:35,1,1,0
BRDA:42,2,0,0
BRDA:42,2,1,0
BRDA:63,3,0,0
BRDA:63,3,1,0
BRDA:63,4,0,0
BRDA:63,4,1,0
BRDA:63,4,2,0
BRDA:70,5,0,0
BRDA:70,5,1,0
BRDA:70,6,0,0
BRDA:70,6,1,0
BRDA:79,7,0,0
BRDA:79,7,1,0
BRDA:98,8,0,0
BRDA:98,8,1,0
BRDA:101,9,0,0
BRDA:101,9,1,0
BRDA:106,10,0,0
BRDA:106,10,1,0
BRDA:120,11,0,0
BRDA:120,11,1,0
BRDA:127,12,0,0
BRDA:127,12,1,0
BRF:27
BRH:0
end_of_record
TN:
SF:app/api/contacts/route.ts
FN:54,getLimit
FN:62,GET
FN:136,(anonymous_2)
FN:147,(anonymous_3)
FN:148,(anonymous_4)
FN:172,(anonymous_5)
FN:209,POST
FN:355,(anonymous_7)
FNF:8
FNH:0
FNDA:0,getLimit
FNDA:0,GET
FNDA:0,(anonymous_2)
FNDA:0,(anonymous_3)
FNDA:0,(anonymous_4)
FNDA:0,(anonymous_5)
FNDA:0,POST
FNDA:0,(anonymous_7)
DA:1,0
DA:2,0
DA:3,0
DA:4,0
DA:6,0
DA:51,0
DA:52,0
DA:55,0
DA:56,0
DA:57,0
DA:59,0
DA:62,0
DA:63,0
DA:64,0
DA:70,0
DA:71,0
DA:72,0
DA:74,0
DA:75,0
DA:76,0
DA:77,0
DA:78,0
DA:79,0
DA:80,0
DA:81,0
DA:82,0
DA:84,0
DA:91,0
DA:92,0
DA:116,0
DA:118,0
DA:119,0
DA:120,0
DA:129,0
DA:131,0
DA:132,0
DA:133,0
DA:136,0
DA:137,0
DA:138,0
DA:139,0
DA:140,0
DA:141,0
DA:142,0
DA:146,0
DA:147,0
DA:148,0
DA:149,0
DA:151,0
DA:153,0
DA:161,0
DA:163,0
DA:164,0
DA:165,0
DA:166,0
DA:172,0
DA:173,0
DA:174,0
DA:194,0
DA:196,0
DA:204,0
DA:205,0
DA:209,0
DA:210,0
DA:211,0
DA:217,0
DA:218,0
DA:219,0
DA:220,0
DA:222,0
DA:223,0
DA:224,0
DA:225,0
DA:226,0
DA:227,0
DA:228,0
DA:229,0
DA:230,0
DA:232,0
DA:233,0
DA:237,0
DA:253,0
DA:254,0
DA:255,0
DA:279,0
DA:281,0
DA:282,0
DA:307,0
DA:308,0
DA:309,0
DA:311,0
DA:313,0
DA:314,0
DA:316,0
DA:317,0
DA:319,0
DA:323,0
DA:325,0
DA:329,0
DA:330,0
DA:331,0
DA:348,0
DA:350,0
DA:351,0
DA:355,0
DA:356,0
DA:357,0
DA:358,0
DA:359,0
DA:362,0
DA:389,0
DA:390,0
LF:112
LH:0
BRDA:55,0,0,0
BRDA:55,0,1,0
BRDA:56,1,0,0
BRDA:56,1,1,0
BRDA:56,2,0,0
BRDA:56,2,1,0
BRDA:63,3,0,0
BRDA:63,3,1,0
BRDA:72,4,0,0
BRDA:72,4,1,0
BRDA:74,5,0,0
BRDA:74,5,1,0
BRDA:76,6,0,0
BRDA:76,6,1,0
BRDA:76,6,2,0
BRDA:77,7,0,0
BRDA:77,7,1,0
BRDA:118,8,0,0
BRDA:118,8,1,0
BRDA:131,9,0,0
BRDA:131,9,1,0
BRDA:133,10,0,0
BRDA:133,10,1,0
BRDA:137,11,0,0
BRDA:137,11,1,0
BRDA:138,12,0,0
BRDA:138,12,1,0
BRDA:139,13,0,0
BRDA:139,13,1,0
BRDA:139,14,0,0
BRDA:139,14,1,0
BRDA:139,14,2,0
BRDA:140,15,0,0
BRDA:140,15,1,0
BRDA:140,16,0,0
BRDA:140,16,1,0
BRDA:140,16,2,0
BRDA:140,16,3,0
BRDA:140,16,4,0
BRDA:146,17,0,0
BRDA:146,17,1,0
BRDA:147,18,0,0
BRDA:147,18,1,0
BRDA:151,19,0,0
BRDA:151,19,1,0
BRDA:151,20,0,0
BRDA:151,20,1,0
BRDA:161,21,0,0
BRDA:161,21,1,0
BRDA:161,22,0,0
BRDA:161,22,1,0
BRDA:164,23,0,0
BRDA:164,23,1,0
BRDA:165,24,0,0
BRDA:165,24,1,0
BRDA:165,25,0,0
BRDA:165,25,1,0
BRDA:172,26,0,0
BRDA:172,26,1,0
BRDA:173,27,0,0
BRDA:173,27,1,0
BRDA:173,27,2,0
BRDA:180,28,0,0
BRDA:180,28,1,0
BRDA:180,29,0,0
BRDA:180,29,1,0
BRDA:181,30,0,0
BRDA:181,30,1,0
BRDA:194,31,0,0
BRDA:194,31,1,0
BRDA:194,32,0,0
BRDA:194,32,1,0
BRDA:198,33,0,0
BRDA:198,33,1,0
BRDA:199,34,0,0
BRDA:199,34,1,0
BRDA:210,35,0,0
BRDA:210,35,1,0
BRDA:219,36,0,0
BRDA:219,36,1,0
BRDA:220,37,0,0
BRDA:220,37,1,0
BRDA:224,38,0,0
BRDA:224,38,1,0
BRDA:225,39,0,0
BRDA:225,39,1,0
BRDA:226,40,0,0
BRDA:226,40,1,0
BRDA:227,41,0,0
BRDA:227,41,1,0
BRDA:228,42,0,0
BRDA:228,42,1,0
BRDA:229,43,0,0
BRDA:229,43,1,0
BRDA:230,44,0,0
BRDA:230,44,1,0
BRDA:232,45,0,0
BRDA:232,45,1,0
BRDA:246,46,0,0
BRDA:246,46,1,0
BRDA:247,47,0,0
BRDA:247,47,1,0
BRDA:248,48,0,0
BRDA:248,48,1,0
BRDA:249,49,0,0
BRDA:249,49,1,0
BRDA:250,50,0,0
BRDA:250,50,1,0
BRDA:279,51,0,0
BRDA:279,51,1,0
BRDA:281,52,0,0
BRDA:281,52,1,0
BRDA:307,53,0,0
BRDA:307,53,1,0
BRDA:307,54,0,0
BRDA:307,54,1,0
BRDA:316,55,0,0
BRDA:316,55,1,0
BRDA:325,56,0,0
BRDA:325,56,1,0
BRDA:325,56,2,0
BRDA:329,57,0,0
BRDA:329,57,1,0
BRDA:329,58,0,0
BRDA:329,58,1,0
BRDA:356,59,0,0
BRDA:356,59,1,0
BRDA:357,60,0,0
BRDA:357,60,1,0
BRDA:358,61,0,0
BRDA:358,61,1,0
BRDA:358,62,0,0
BRDA:358,62,1,0
BRDA:358,62,2,0
BRDA:364,63,0,0
BRDA:364,63,1,0
BRDA:372,64,0,0
BRDA:372,64,1,0
BRDA:386,65,0,0
BRDA:386,65,1,0
BRF:140
BRH:0
end_of_record
TN:
SF:app/api/contacts/[id]/route.ts
FN:37,GET
FN:123,(anonymous_1)
FN:128,(anonymous_2)
FNF:3
FNH:0
FNDA:0,GET
FNDA:0,(anonymous_1)
FNDA:0,(anonymous_2)
DA:1,0
DA:2,0
DA:3,0
DA:4,0
DA:6,0
DA:37,0
DA:41,0
DA:42,0
DA:48,0
DA:49,0
DA:50,0
DA:52,0
DA:53,0
DA:54,0
DA:55,0
DA:57,0
DA:58,0
DA:59,0
DA:62,0
DA:63,0
DA:65,0
DA:90,0
DA:91,0
DA:92,0
DA:95,0
DA:96,0
DA:115,0
DA:116,0
DA:117,0
DA:120,0
DA:121,0
DA:122,0
DA:123,0
DA:124,0
DA:125,0
DA:128,0
DA:129,0
DA:130,0
DA:131,0
DA:132,0
DA:135,0
DA:157,0
DA:158,0
LF:43
LH:0
BRDA:41,0,0,0
BRDA:41,0,1,0
BRDA:50,1,0,0
BRDA:50,1,1,0
BRDA:52,2,0,0
BRDA:52,2,1,0
BRDA:54,3,0,0
BRDA:54,3,1,0
BRDA:58,4,0,0
BRDA:58,4,1,0
BRDA:90,5,0,0
BRDA:90,5,1,0
BRDA:90,6,0,0
BRDA:90,6,1,0
BRDA:95,7,0,0
BRDA:95,7,1,0
BRDA:115,8,0,0
BRDA:115,8,1,0
BRDA:120,9,0,0
BRDA:120,9,1,0
BRDA:122,10,0,0
BRDA:122,10,1,0
BRDA:123,11,0,0
BRDA:123,11,1,0
BRDA:124,12,0,0
BRDA:124,12,1,0
BRDA:124,13,0,0
BRDA:124,13,1,0
BRDA:125,14,0,0
BRDA:125,14,1,0
BRDA:125,14,2,0
BRDA:129,15,0,0
BRDA:129,15,1,0
BRDA:130,16,0,0
BRDA:130,16,1,0
BRDA:131,17,0,0
BRDA:131,17,1,0
BRDA:131,18,0,0
BRDA:131,18,1,0
BRDA:131,18,2,0
BRDA:144,19,0,0
BRDA:144,19,1,0
BRF:42
BRH:0
end_of_record
TN:
SF:app/api/cost-events/route.ts
FN:33,validateToken
FN:53,getPlanLimits
FN:85,POST
FN:122,(anonymous_3)
FN:216,(anonymous_4)
FN:240,(anonymous_5)
FN:250,(anonymous_6)
FN:279,GET
FNF:8
FNH:0
FNDA:0,validateToken
FNDA:0,getPlanLimits
FNDA:0,POST
FNDA:0,(anonymous_3)
FNDA:0,(anonymous_4)
FNDA:0,(anonymous_5)
FNDA:0,(anonymous_6)
FNDA:0,GET
DA:1,0
DA:2,0
DA:3,0
DA:4,0
DA:5,0
DA:6,0
DA:8,0
DA:11,0
DA:27,0
DA:34,0
DA:35,0
DA:37,0
DA:38,0
DA:39,0
DA:42,0
DA:54,0
DA:81,0
DA:85,0
DA:87,0
DA:88,0
DA:90,0
DA:91,0
DA:98,0
DA:99,0
DA:106,0
DA:107,0
DA:113,0
DA:114,0
DA:117,0
DA:118,0
DA:119,0
DA:122,0
DA:132,0
DA:134,0
DA:135,0
DA:136,0
DA:138,0
DA:139,0
DA:141,0
DA:142,0
DA:143,0
DA:152,0
DA:154,0
DA:158,0
DA:159,0
DA:162,0
DA:163,0
DA:166,0
DA:189,0
DA:190,0
DA:192,0
DA:200,0
DA:205,0
DA:206,0
DA:207,0
DA:208,0
DA:209,0
DA:210,0
DA:213,0
DA:214,0
DA:215,0
DA:217,0
DA:219,0
DA:225,0
DA:228,0
DA:229,0
DA:231,0
DA:233,0
DA:240,0
DA:243,0
DA:247,0
DA:252,0
DA:258,0
DA:259,0
DA:270,0
DA:271,0
DA:279,0
DA:280,0
DA:281,0
DA:284,0
DA:285,0
DA:286,0
DA:288,0
DA:289,0
DA:296,0
DA:297,0
DA:300,0
DA:305,0
LF:88
LH:0
BRDA:37,0,0,0
BRDA:37,0,1,0
BRDA:81,1,0,0
BRDA:81,1,1,0
BRDA:90,2,0,0
BRDA:90,2,1,0
BRDA:98,3,0,0
BRDA:98,3,1,0
BRDA:106,4,0,0
BRDA:106,4,1,0
BRDA:118,5,0,0
BRDA:118,5,1,0
BRDA:132,6,0,0
BRDA:132,6,1,0
BRDA:142,7,0,0
BRDA:142,7,1,0
BRDA:142,8,0,0
BRDA:142,8,1,0
BRDA:142,8,2,0
BRDA:152,9,0,0
BRDA:152,9,1,0
BRDA:152,10,0,0
BRDA:152,10,1,0
BRDA:158,11,0,0
BRDA:158,11,1,0
BRDA:162,12,0,0
BRDA:162,12,1,0
BRDA:170,13,0,0
BRDA:170,13,1,0
BRDA:171,14,0,0
BRDA:171,14,1,0
BRDA:174,15,0,0
BRDA:174,15,1,0
BRDA:175,16,0,0
BRDA:175,16,1,0
BRDA:177,17,0,0
BRDA:177,17,1,0
BRDA:189,18,0,0
BRDA:189,18,1,0
BRDA:205,19,0,0
BRDA:205,19,1,0
BRDA:205,20,0,0
BRDA:205,20,1,0
BRDA:213,21,0,0
BRDA:213,21,1,0
BRDA:225,22,0,0
BRDA:225,22,1,0
BRDA:231,23,0,0
BRDA:231,23,1,0
BRDA:231,24,0,0
BRDA:231,24,1,0
BRDA:240,25,0,0
BRDA:240,25,1,0
BRDA:240,26,0,0
BRDA:240,26,1,0
BRDA:258,27,0,0
BRDA:258,27,1,0
BRDA:258,28,0,0
BRDA:258,28,1,0
BRDA:265,29,0,0
BRDA:265,29,1,0
BRDA:280,30,0,0
BRDA:280,30,1,0
BRDA:285,31,0,0
BRDA:285,31,1,0
BRDA:286,32,0,0
BRDA:286,32,1,0
BRDA:296,33,0,0
BRDA:296,33,1,0
BRF:69
BRH:0
end_of_record
TN:
SF:app/api/cron/clean-webhook-request-ids/route.ts
FN:13,POST
FN:42,GET
FNF:2
FNH:0
FNDA:0,POST
FNDA:0,GET
DA:10,0
DA:11,0
DA:13,0
DA:14,0
DA:16,0
DA:17,0
DA:19,0
DA:20,0
DA:24,0
DA:26,0
DA:28,0
DA:34,0
DA:35,0
DA:42,0
DA:43,0
LF:15
LH:0
BRDA:19,0,0,0
BRDA:19,0,1,0
BRDA:19,1,0,0
BRDA:19,1,1,0
BRDA:36,2,0,0
BRDA:36,2,1,0
BRF:6
BRH:0
end_of_record
TN:
SF:app/api/cron/process-exports/route.ts
FN:14,verifyCronSecret
FN:26,POST
FN:110,GET
FN:132,(anonymous_3)
FN:136,(anonymous_4)
FNF:5
FNH:0
FNDA:0,verifyCronSecret
FNDA:0,POST
FNDA:0,GET
FNDA:0,(anonymous_3)
FNDA:0,(anonymous_4)
DA:9,0
DA:10,0
DA:11,0
DA:15,0
DA:16,0
DA:18,0
DA:19,0
DA:20,0
DA:23,0
DA:26,0
DA:27,0
DA:29,0
DA:30,0
DA:36,0
DA:37,0
DA:44,0
DA:52,0
DA:53,0
DA:54,0
DA:61,0
DA:62,0
DA:69,0
DA:71,0
DA:74,0
DA:76,0
DA:77,0
DA:78,0
DA:88,0
DA:90,0
DA:98,0
DA:99,0
DA:110,0
DA:111,0
DA:113,0
DA:114,0
DA:120,0
DA:121,0
DA:128,0
DA:133,0
DA:135,0
DA:137,0
DA:138,0
DA:143,0
DA:146,0
DA:147,0
DA:153,0
DA:159,0
DA:160,0
LF:48
LH:0
BRDA:16,0,0,0
BRDA:16,0,1,0
BRDA:18,1,0,0
BRDA:18,1,1,0
BRDA:29,2,0,0
BRDA:29,2,1,0
BRDA:36,3,0,0
BRDA:36,3,1,0
BRDA:52,4,0,0
BRDA:52,4,1,0
BRDA:61,5,0,0
BRDA:61,5,1,0
BRDA:61,6,0,0
BRDA:61,6,1,0
BRDA:76,7,0,0
BRDA:76,7,1,0
BRDA:102,8,0,0
BRDA:102,8,1,0
BRDA:113,9,0,0
BRDA:113,9,1,0
BRDA:120,10,0,0
BRDA:120,10,1,0
BRDA:133,11,0,0
BRDA:133,11,1,0
BRDA:135,12,0,0
BRDA:135,12,1,0
BRDA:137,13,0,0
BRDA:137,13,1,0
BRDA:146,14,0,0
BRDA:146,14,1,0
BRDA:163,15,0,0
BRDA:163,15,1,0
BRF:32
BRH:0
end_of_record
TN:
SF:app/api/cron/process-webhook-dlq/route.ts
FN:26,POST
FN:87,GET
FNF:2
FNH:0
FNDA:0,POST
FNDA:0,GET
DA:10,0
DA:11,0
DA:26,0
DA:27,0
DA:29,0
DA:30,0
DA:32,0
DA:33,0
DA:34,0
DA:40,0
DA:41,0
DA:42,0
DA:43,0
DA:50,0
DA:51,0
DA:53,0
DA:55,0
DA:57,0
DA:64,0
DA:74,0
DA:75,0
DA:87,0
DA:88,0
LF:23
LH:0
BRDA:32,0,0,0
BRDA:32,0,1,0
BRDA:41,1,0,0
BRDA:41,1,1,0
BRDA:76,2,0,0
BRDA:76,2,1,0
BRF:6
BRH:0
end_of_record
TN:
SF:app/api/cron/rotate-credentials/route.ts
FN:29,POST
FN:83,GET
FNF:2
FNH:0
FNDA:0,POST
FNDA:0,GET
DA:13,0
DA:14,0
DA:29,0
DA:30,0
DA:32,0
DA:33,0
DA:35,0
DA:36,0
DA:37,0
DA:43,0
DA:44,0
DA:45,0
DA:46,0
DA:53,0
DA:54,0
DA:56,0
DA:58,0
DA:60,0
DA:63,0
DA:70,0
DA:71,0
DA:83,0
DA:84,0
LF:23
LH:0
BRDA:35,0,0,0
BRDA:35,0,1,0
BRDA:44,1,0,0
BRDA:44,1,1,0
BRDA:72,2,0,0
BRDA:72,2,1,0
BRF:6
BRH:0
end_of_record
TN:
SF:app/api/cron/sync-campaigns/route.ts
FN:32,POST
FNF:1
FNH:0
FNDA:0,POST
DA:11,0
DA:12,0
DA:13,0
DA:32,0
DA:33,0
DA:36,0
DA:38,0
DA:40,0
DA:41,0
DA:55,0
DA:56,0
DA:70,0
DA:71,0
DA:85,0
DA:90,0
DA:91,0
DA:92,0
DA:105,0
DA:106,0
DA:116,0
DA:117,0
DA:119,0
DA:120,0
DA:122,0
DA:124,0
DA:126,0
DA:128,0
DA:131,0
DA:132,0
DA:140,0
DA:142,0
DA:146,0
DA:149,0
DA:150,0
DA:159,0
DA:160,0
DA:161,0
DA:163,0
DA:164,0
DA:168,0
DA:169,0
DA:173,0
DA:175,0
DA:177,0
LF:44
LH:0
BRDA:36,0,0,0
BRDA:36,0,1,0
BRDA:38,1,0,0
BRDA:38,1,1,0
BRDA:40,2,0,0
BRDA:40,2,1,0
BRDA:40,3,0,0
BRDA:40,3,1,0
BRDA:55,4,0,0
BRDA:55,4,1,0
BRDA:70,5,0,0
BRDA:70,5,1,0
BRDA:90,6,0,0
BRDA:90,6,1,0
BRDA:105,7,0,0
BRDA:105,7,1,0
BRDA:105,8,0,0
BRDA:105,8,1,0
BRDA:120,9,0,0
BRDA:120,9,1,0
BRDA:126,10,0,0
BRDA:126,10,1,0
BRDA:131,11,0,0
BRDA:131,11,1,0
BRDA:131,12,0,0
BRDA:131,12,1,0
BRDA:146,13,0,0
BRDA:146,13,1,0
BRDA:149,14,0,0
BRDA:149,14,1,0
BRDA:159,15,0,0
BRDA:159,15,1,0
BRF:32
BRH:0
end_of_record
TN:
SF:app/api/dashboard/aggregate/route.ts
FN:128,normalizeStep
FN:136,normalizeEmail
FN:141,fillMissingDays
FN:146,(anonymous_3)
FN:163,emptyResponse
FN:221,fetchAggregateData
FN:249,(anonymous_6)
FN:567,(anonymous_7)
FN:574,(anonymous_8)
FN:577,(anonymous_9)
FN:585,(anonymous_10)
FN:588,(anonymous_11)
FN:589,(anonymous_12)
FN:591,(anonymous_13)
FN:592,(anonymous_14)
FN:593,(anonymous_15)
FN:594,(anonymous_16)
FN:653,(anonymous_17)
FN:673,(anonymous_18)
FN:692,(anonymous_19)
FN:693,(anonymous_20)
FN:731,(anonymous_21)
FN:738,(anonymous_22)
FN:761,(anonymous_23)
FN:828,GET
FN:879,(anonymous_25)
FNF:26
FNH:0
FNDA:0,normalizeStep
FNDA:0,normalizeEmail
FNDA:0,fillMissingDays
FNDA:0,(anonymous_3)
FNDA:0,emptyResponse
FNDA:0,fetchAggregateData
FNDA:0,(anonymous_6)
FNDA:0,(anonymous_7)
FNDA:0,(anonymous_8)
FNDA:0,(anonymous_9)
FNDA:0,(anonymous_10)
FNDA:0,(anonymous_11)
FNDA:0,(anonymous_12)
FNDA:0,(anonymous_13)
FNDA:0,(anonymous_14)
FNDA:0,(anonymous_15)
FNDA:0,(anonymous_16)
FNDA:0,(anonymous_17)
FNDA:0,(anonymous_18)
FNDA:0,(anonymous_19)
FNDA:0,(anonymous_20)
FNDA:0,(anonymous_21)
FNDA:0,(anonymous_22)
FNDA:0,(anonymous_23)
FNDA:0,GET
FNDA:0,(anonymous_25)
DA:1,0
DA:2,0
DA:3,0
DA:4,0
DA:5,0
DA:6,0
DA:7,0
DA:8,0
DA:10,0
DA:129,0
DA:130,0
DA:131,0
DA:132,0
DA:133,0
DA:137,0
DA:138,0
DA:146,0
DA:147,0
DA:149,0
DA:150,0
DA:152,0
DA:153,0
DA:154,0
DA:160,0
DA:164,0
DA:228,0
DA:229,0
DA:233,0
DA:236,0
DA:239,0
DA:249,0
DA:250,0
DA:254,0
DA:255,0
DA:257,0
DA:258,0
DA:261,0
DA:265,0
DA:269,0
DA:273,0
DA:277,0
DA:281,0
DA:285,0
DA:291,0
DA:295,0
DA:301,0
DA:310,0
DA:319,0
DA:327,0
DA:335,0
DA:344,0
DA:351,0
DA:352,0
DA:358,0
DA:359,0
DA:361,0
DA:362,0
DA:363,0
DA:364,0
DA:365,0
DA:366,0
DA:367,0
DA:372,0
DA:373,0
DA:396,0
DA:415,0
DA:416,0
DA:417,0
DA:424,0
DA:434,0
DA:437,0
DA:440,0
DA:443,0
DA:446,0
DA:451,0
DA:455,0
DA:459,0
DA:462,0
DA:468,0
DA:469,0
DA:471,0
DA:472,0
DA:473,0
DA:482,0
DA:483,0
DA:484,0
DA:485,0
DA:486,0
DA:487,0
DA:493,0
DA:494,0
DA:495,0
DA:496,0
DA:497,0
DA:499,0
DA:500,0
DA:501,0
DA:502,0
DA:506,0
DA:507,0
DA:511,0
DA:521,0
DA:530,0
DA:531,0
DA:532,0
DA:534,0
DA:535,0
DA:536,0
DA:537,0
DA:538,0
DA:539,0
DA:540,0
DA:543,0
DA:544,0
DA:552,0
DA:553,0
DA:554,0
DA:563,0
DA:566,0
DA:567,0
DA:574,0
DA:576,0
DA:577,0
DA:585,0
DA:587,0
DA:588,0
DA:589,0
DA:591,0
DA:592,0
DA:593,0
DA:594,0
DA:600,0
DA:601,0
DA:602,0
DA:603,0
DA:606,0
DA:615,0
DA:616,0
DA:617,0
DA:619,0
DA:623,0
DA:624,0
DA:625,0
DA:626,0
DA:627,0
DA:629,0
DA:632,0
DA:633,0
DA:634,0
DA:636,0
DA:637,0
DA:639,0
DA:643,0
DA:644,0
DA:647,0
DA:653,0
DA:661,0
DA:662,0
DA:663,0
DA:665,0
DA:666,0
DA:667,0
DA:673,0
DA:674,0
DA:675,0
DA:676,0
DA:683,0
DA:684,0
DA:685,0
DA:686,0
DA:687,0
DA:691,0
DA:692,0
DA:693,0
DA:696,0
DA:697,0
DA:698,0
DA:701,0
DA:702,0
DA:703,0
DA:705,0
DA:707,0
DA:708,0
DA:709,0
DA:710,0
DA:712,0
DA:715,0
DA:716,0
DA:717,0
DA:719,0
DA:722,0
DA:723,0
DA:724,0
DA:725,0
DA:726,0
DA:730,0
DA:731,0
DA:734,0
DA:735,0
DA:738,0
DA:739,0
DA:740,0
DA:741,0
DA:744,0
DA:748,0
DA:761,0
DA:767,0
DA:828,0
DA:829,0
DA:833,0
DA:836,0
DA:837,0
DA:841,0
DA:842,0
DA:844,0
DA:845,0
DA:851,0
DA:852,0
DA:853,0
DA:854,0
DA:855,0
DA:858,0
DA:859,0
DA:862,0
DA:863,0
DA:864,0
DA:867,0
DA:869,0
DA:877,0
DA:879,0
DA:882,0
DA:884,0
DA:887,0
DA:895,0
DA:896,0
DA:897,0
DA:900,0
LF:237
LH:0
BRDA:129,0,0,0
BRDA:129,0,1,0
BRDA:129,1,0,0
BRDA:129,1,1,0
BRDA:131,2,0,0
BRDA:131,2,1,0
BRDA:132,3,0,0
BRDA:132,3,1,0
BRDA:137,4,0,0
BRDA:137,4,1,0
BRDA:156,5,0,0
BRDA:156,5,1,0
BRDA:228,6,0,0
BRDA:228,6,1,0
BRDA:254,7,0,0
BRDA:254,7,1,0
BRDA:358,8,0,0
BRDA:358,8,1,0
BRDA:372,9,0,0
BRDA:372,9,1,0
BRDA:372,10,0,0
BRDA:372,10,1,0
BRDA:415,11,0,0
BRDA:415,11,1,0
BRDA:425,12,0,0
BRDA:425,12,1,0
BRDA:426,13,0,0
BRDA:426,13,1,0
BRDA:427,14,0,0
BRDA:427,14,1,0
BRDA:428,15,0,0
BRDA:428,15,1,0
BRDA:429,16,0,0
BRDA:429,16,1,0
BRDA:430,17,0,0
BRDA:430,17,1,0
BRDA:434,18,0,0
BRDA:434,18,1,0
BRDA:437,19,0,0
BRDA:437,19,1,0
BRDA:440,20,0,0
BRDA:440,20,1,0
BRDA:443,21,0,0
BRDA:443,21,1,0
BRDA:446,22,0,0
BRDA:446,22,1,0
BRDA:452,23,0,0
BRDA:452,23,1,0
BRDA:453,24,0,0
BRDA:453,24,1,0
BRDA:455,25,0,0
BRDA:455,25,1,0
BRDA:459,26,0,0
BRDA:459,26,1,0
BRDA:468,27,0,0
BRDA:468,27,1,0
BRDA:472,28,0,0
BRDA:472,28,1,0
BRDA:474,29,0,0
BRDA:474,29,1,0
BRDA:475,30,0,0
BRDA:475,30,1,0
BRDA:476,31,0,0
BRDA:476,31,1,0
BRDA:477,32,0,0
BRDA:477,32,1,0
BRDA:483,33,0,0
BRDA:483,33,1,0
BRDA:483,34,0,0
BRDA:483,34,1,0
BRDA:486,35,0,0
BRDA:486,35,1,0
BRDA:487,36,0,0
BRDA:487,36,1,0
BRDA:504,37,0,0
BRDA:504,37,1,0
BRDA:506,38,0,0
BRDA:506,38,1,0
BRDA:509,39,0,0
BRDA:509,39,1,0
BRDA:513,40,0,0
BRDA:513,40,1,0
BRDA:521,41,0,0
BRDA:521,41,1,0
BRDA:535,42,0,0
BRDA:535,42,1,0
BRDA:536,43,0,0
BRDA:536,43,1,0
BRDA:537,44,0,0
BRDA:537,44,1,0
BRDA:538,45,0,0
BRDA:538,45,1,0
BRDA:539,46,0,0
BRDA:539,46,1,0
BRDA:540,47,0,0
BRDA:540,47,1,0
BRDA:543,48,0,0
BRDA:543,48,1,0
BRDA:553,49,0,0
BRDA:553,49,1,0
BRDA:563,50,0,0
BRDA:563,50,1,0
BRDA:606,51,0,0
BRDA:606,51,1,0
BRDA:616,52,0,0
BRDA:616,52,1,0
BRDA:619,53,0,0
BRDA:619,53,1,0
BRDA:619,53,2,0
BRDA:619,53,3,0
BRDA:623,54,0,0
BRDA:623,54,1,0
BRDA:624,55,0,0
BRDA:624,55,1,0
BRDA:626,56,0,0
BRDA:626,56,1,0
BRDA:626,57,0,0
BRDA:626,57,1,0
BRDA:633,58,0,0
BRDA:633,58,1,0
BRDA:633,59,0,0
BRDA:633,59,1,0
BRDA:636,60,0,0
BRDA:636,60,1,0
BRDA:644,61,0,0
BRDA:644,61,1,0
BRDA:656,62,0,0
BRDA:656,62,1,0
BRDA:657,63,0,0
BRDA:657,63,1,0
BRDA:669,64,0,0
BRDA:669,64,1,0
BRDA:674,65,0,0
BRDA:674,65,1,0
BRDA:676,66,0,0
BRDA:676,66,1,0
BRDA:684,67,0,0
BRDA:684,67,1,0
BRDA:685,68,0,0
BRDA:685,68,1,0
BRDA:686,69,0,0
BRDA:686,69,1,0
BRDA:686,70,0,0
BRDA:686,70,1,0
BRDA:702,71,0,0
BRDA:702,71,1,0
BRDA:703,72,0,0
BRDA:703,72,1,0
BRDA:705,73,0,0
BRDA:705,73,1,0
BRDA:707,74,0,0
BRDA:707,74,1,0
BRDA:708,75,0,0
BRDA:708,75,1,0
BRDA:709,76,0,0
BRDA:709,76,1,0
BRDA:710,77,0,0
BRDA:710,77,1,0
BRDA:716,78,0,0
BRDA:716,78,1,0
BRDA:717,79,0,0
BRDA:717,79,1,0
BRDA:719,80,0,0
BRDA:719,80,1,0
BRDA:719,81,0,0
BRDA:719,81,1,0
BRDA:722,82,0,0
BRDA:722,82,1,0
BRDA:723,83,0,0
BRDA:723,83,1,0
BRDA:724,84,0,0
BRDA:724,84,1,0
BRDA:725,85,0,0
BRDA:725,85,1,0
BRDA:726,86,0,0
BRDA:726,86,1,0
BRDA:726,87,0,0
BRDA:726,87,1,0
BRDA:731,88,0,0
BRDA:731,88,1,0
BRDA:734,89,0,0
BRDA:734,89,1,0
BRDA:739,90,0,0
BRDA:739,90,1,0
BRDA:741,91,0,0
BRDA:741,91,1,0
BRDA:742,92,0,0
BRDA:742,92,1,0
BRDA:745,93,0,0
BRDA:745,93,1,0
BRDA:746,94,0,0
BRDA:746,94,1,0
BRDA:754,95,0,0
BRDA:754,95,1,0
BRDA:755,96,0,0
BRDA:755,96,1,0
BRDA:756,97,0,0
BRDA:756,97,1,0
BRDA:758,98,0,0
BRDA:758,98,1,0
BRDA:836,99,0,0
BRDA:836,99,1,0
BRDA:844,100,0,0
BRDA:844,100,1,0
BRDA:855,101,0,0
BRDA:855,101,1,0
BRDA:858,102,0,0
BRDA:858,102,1,0
BRDA:859,103,0,0
BRDA:859,103,1,0
BRDA:862,104,0,0
BRDA:862,104,1,0
BRDA:872,105,0,0
BRDA:872,105,1,0
BRDA:873,106,0,0
BRDA:873,106,1,0
BRDA:890,107,0,0
BRDA:890,107,1,0
BRDA:891,108,0,0
BRDA:891,108,1,0
BRDA:896,109,0,0
BRDA:896,109,1,0
BRF:222
BRH:0
end_of_record
TN:
SF:app/api/events/route.ts
FN:17,getNotificationConfig
FN:79,POST
FN:115,(anonymous_2)
FN:266,GET
FNF:4
FNH:0
FNDA:0,getNotificationConfig
FNDA:0,POST
FNDA:0,(anonymous_2)
FNDA:0,GET
DA:1,0
DA:2,0
DA:3,0
DA:4,0
DA:6,0
DA:21,0
DA:23,0
DA:29,0
DA:35,0
DA:41,0
DA:47,0
DA:53,0
DA:59,0
DA:64,0
DA:79,0
DA:81,0
DA:82,0
DA:84,0
DA:85,0
DA:92,0
DA:93,0
DA:97,0
DA:98,0
DA:99,0
DA:104,0
DA:105,0
DA:107,0
DA:110,0
DA:111,0
DA:112,0
DA:115,0
DA:137,0
DA:139,0
DA:140,0
DA:141,0
DA:142,0
DA:144,0
DA:147,0
DA:159,0
DA:160,0
DA:163,0
DA:167,0
DA:168,0
DA:181,0
DA:182,0
DA:187,0
DA:188,0
DA:194,0
DA:195,0
DA:200,0
DA:203,0
DA:221,0
DA:223,0
DA:225,0
DA:227,0
DA:228,0
DA:232,0
DA:233,0
DA:234,0
DA:252,0
DA:254,0
DA:258,0
DA:260,0
DA:261,0
DA:266,0
DA:267,0
LF:66
LH:0
BRDA:21,0,0,0
BRDA:21,0,1,0
BRDA:21,0,2,0
BRDA:21,0,3,0
BRDA:21,0,4,0
BRDA:21,0,5,0
BRDA:21,0,6,0
BRDA:84,1,0,0
BRDA:84,1,1,0
BRDA:92,2,0,0
BRDA:92,2,1,0
BRDA:98,3,0,0
BRDA:98,3,1,0
BRDA:98,4,0,0
BRDA:98,4,1,0
BRDA:111,5,0,0
BRDA:111,5,1,0
BRDA:139,6,0,0
BRDA:139,6,1,0
BRDA:140,7,0,0
BRDA:140,7,1,0
BRDA:141,8,0,0
BRDA:141,8,1,0
BRDA:142,9,0,0
BRDA:142,9,1,0
BRDA:159,10,0,0
BRDA:159,10,1,0
BRDA:159,11,0,0
BRDA:159,11,1,0
BRDA:163,12,0,0
BRDA:163,12,1,0
BRDA:167,13,0,0
BRDA:167,13,1,0
BRDA:167,14,0,0
BRDA:167,14,1,0
BRDA:174,15,0,0
BRDA:174,15,1,0
BRDA:175,16,0,0
BRDA:175,16,1,0
BRDA:176,17,0,0
BRDA:176,17,1,0
BRDA:177,18,0,0
BRDA:177,18,1,0
BRDA:181,19,0,0
BRDA:181,19,1,0
BRDA:187,20,0,0
BRDA:187,20,1,0
BRDA:194,21,0,0
BRDA:194,21,1,0
BRDA:194,22,0,0
BRDA:194,22,1,0
BRDA:200,23,0,0
BRDA:200,23,1,0
BRDA:200,24,0,0
BRDA:200,24,1,0
BRDA:200,25,0,0
BRDA:200,25,1,0
BRDA:200,26,0,0
BRDA:200,26,1,0
BRDA:213,27,0,0
BRDA:213,27,1,0
BRDA:214,28,0,0
BRDA:214,28,1,0
BRDA:216,29,0,0
BRDA:216,29,1,0
BRDA:221,30,0,0
BRDA:221,30,1,0
BRDA:223,31,0,0
BRDA:223,31,1,0
BRDA:223,32,0,0
BRDA:223,32,1,0
BRDA:233,33,0,0
BRDA:233,33,1,0
BRDA:233,34,0,0
BRDA:233,34,1,0
BRDA:248,35,0,0
BRDA:248,35,1,0
BRDA:252,36,0,0
BRDA:252,36,1,0
BRF:79
BRH:0
end_of_record
TN:
SF:app/api/gdpr/compliance-report/route.ts
FN:13,GET
FNF:1
FNH:0
FNDA:0,GET
DA:9,0
DA:10,0
DA:11,0
DA:13,0
DA:14,0
DA:16,0
DA:17,0
DA:24,0
DA:25,0
DA:26,0
DA:32,0
DA:33,0
DA:35,0
DA:36,0
DA:43,0
DA:44,0
DA:46,0
DA:47,0
DA:54,0
DA:61,0
DA:62,0
DA:69,0
DA:71,0
DA:72,0
DA:78,0
DA:83,0
DA:84,0
LF:27
LH:0
BRDA:16,0,0,0
BRDA:16,0,1,0
BRDA:25,1,0,0
BRDA:25,1,1,0
BRDA:35,2,0,0
BRDA:35,2,1,0
BRDA:35,3,0,0
BRDA:35,3,1,0
BRDA:46,4,0,0
BRDA:46,4,1,0
BRDA:61,5,0,0
BRDA:61,5,1,0
BRDA:71,6,0,0
BRDA:71,6,1,0
BRF:14
BRH:0
end_of_record
TN:
SF:app/api/gdpr/delete/route.ts
FN:18,DELETE
FNF:1
FNH:0
FNDA:0,DELETE
DA:10,0
DA:11,0
DA:12,0
DA:16,0
DA:18,0
DA:19,0
DA:21,0
DA:22,0
DA:29,0
DA:30,0
DA:31,0
DA:37,0
DA:38,0
DA:40,0
DA:41,0
DA:48,0
DA:49,0
DA:51,0
DA:52,0
DA:58,0
DA:59,0
DA:60,0
DA:71,0
DA:78,0
DA:79,0
DA:86,0
DA:93,0
DA:94,0
DA:105,0
DA:106,0
DA:116,0
DA:123,0
DA:124,0
LF:33
LH:0
BRDA:21,0,0,0
BRDA:21,0,1,0
BRDA:30,1,0,0
BRDA:30,1,1,0
BRDA:40,2,0,0
BRDA:40,2,1,0
BRDA:40,3,0,0
BRDA:40,3,1,0
BRDA:51,4,0,0
BRDA:51,4,1,0
BRDA:58,5,0,0
BRDA:58,5,1,0
BRDA:78,6,0,0
BRDA:78,6,1,0
BRDA:78,7,0,0
BRDA:78,7,1,0
BRDA:93,8,0,0
BRDA:93,8,1,0
BRDA:97,9,0,0
BRDA:97,9,1,0
BRDA:100,10,0,0
BRDA:100,10,1,0
BRDA:105,11,0,0
BRDA:105,11,1,0
BRF:24
BRH:0
end_of_record
TN:
SF:app/api/gdpr/export/route.ts
FN:26,POST
FNF:1
FNH:0
FNDA:0,POST
DA:11,0
DA:12,0
DA:13,0
DA:19,0
DA:26,0
DA:27,0
DA:29,0
DA:30,0
DA:37,0
DA:38,0
DA:39,0
DA:45,0
DA:46,0
DA:48,0
DA:49,0
DA:56,0
DA:57,0
DA:59,0
DA:60,0
DA:67,0
DA:74,0
DA:75,0
DA:82,0
DA:84,0
DA:85,0
DA:92,0
DA:101,0
DA:106,0
DA:107,0
LF:29
LH:0
BRDA:29,0,0,0
BRDA:29,0,1,0
BRDA:38,1,0,0
BRDA:38,1,1,0
BRDA:48,2,0,0
BRDA:48,2,1,0
BRDA:48,3,0,0
BRDA:48,3,1,0
BRDA:59,4,0,0
BRDA:59,4,1,0
BRDA:74,5,0,0
BRDA:74,5,1,0
BRDA:74,6,0,0
BRDA:74,6,1,0
BRDA:84,7,0,0
BRDA:84,7,1,0
BRF:16
BRH:0
end_of_record
TN:
SF:app/api/health/route.ts
FN:31,GET
FNF:1
FNH:0
FNDA:0,GET
DA:1,0
DA:2,0
DA:3,0
DA:5,0
DA:29,0
DA:31,0
DA:32,0
DA:43,0
DA:46,0
DA:47,0
DA:48,0
DA:49,0
DA:54,0
DA:56,0
DA:57,0
DA:58,0
DA:59,0
DA:62,0
DA:63,0
DA:64,0
DA:67,0
DA:68,0
DA:69,0
DA:73,0
DA:74,0
DA:75,0
DA:76,0
DA:77,0
DA:78,0
DA:84,0
DA:92,0
DA:94,0
LF:32
LH:0
BRDA:46,0,0,0
BRDA:46,0,1,0
BRDA:56,1,0,0
BRDA:56,1,1,0
BRDA:63,2,0,0
BRDA:63,2,1,0
BRDA:87,3,0,0
BRDA:87,3,1,0
BRDA:92,4,0,0
BRDA:92,4,1,0
BRDA:92,5,0,0
BRDA:92,5,1,0
BRF:12
BRH:0
end_of_record
TN:
SF:app/api/health/n8n/route.ts
FN:13,HEAD
FNF:1
FNH:0
FNDA:0,HEAD
DA:8,0
DA:9,0
DA:11,0
DA:13,0
DA:14,0
DA:15,0
DA:18,0
DA:19,0
DA:21,0
DA:22,0
DA:28,0
DA:30,0
LF:12
LH:0
BRDA:14,0,0,0
BRDA:14,0,1,0
BRDA:18,1,0,0
BRDA:18,1,1,0
BRDA:28,2,0,0
BRDA:28,2,1,0
BRF:6
BRH:0
end_of_record
TN:
SF:app/api/health/status/route.ts
FN:22,GET
FNF:1
FNH:0
FNDA:0,GET
DA:1,0
DA:2,0
DA:3,0
DA:6,0
DA:22,0
DA:23,0
DA:24,0
DA:25,0
DA:28,0
DA:29,0
DA:31,0
DA:32,0
DA:35,0
DA:37,0
DA:38,0
DA:42,0
DA:49,0
DA:50,0
DA:54,0
DA:62,0
DA:63,0
DA:64,0
DA:67,0
DA:68,0
DA:74,0
DA:77,0
DA:78,0
DA:79,0
DA:81,0
DA:89,0
DA:90,0
LF:31
LH:0
BRDA:24,0,0,0
BRDA:24,0,1,0
BRDA:31,1,0,0
BRDA:31,1,1,0
BRDA:37,2,0,0
BRDA:37,2,1,0
BRDA:49,3,0,0
BRDA:49,3,1,0
BRDA:62,4,0,0
BRDA:62,4,1,0
BRDA:62,5,0,0
BRDA:62,5,1,0
BRDA:67,6,0,0
BRDA:67,6,1,0
BRDA:82,7,0,0
BRDA:82,7,1,0
BRF:16
BRH:0
end_of_record
TN:
SF:app/api/knowledge/query/route.ts
FN:58,POST
FN:145,(anonymous_2)
FN:161,(anonymous_3)
FN:242,GET
FNF:4
FNH:0
FNDA:0,POST
FNDA:0,(anonymous_2)
FNDA:0,(anonymous_3)
FNDA:0,GET
DA:9,0
DA:10,0
DA:11,0
DA:12,0
DA:13,0
DA:16,0
DA:58,0
DA:59,0
DA:61,0
DA:62,0
DA:63,0
DA:70,0
DA:71,0
DA:73,0
DA:74,0
DA:80,0
DA:81,0
DA:84,0
DA:90,0
DA:91,0
DA:92,0
DA:98,0
DA:99,0
DA:102,0
DA:107,0
DA:111,0
DA:116,0
DA:120,0
DA:123,0
DA:134,0
DA:135,0
DA:136,0
DA:143,0
DA:144,0
DA:145,0
DA:146,0
DA:151,0
DA:161,0
DA:172,0
DA:181,0
DA:183,0
DA:193,0
DA:196,0
DA:206,0
DA:217,0
DA:218,0
DA:219,0
DA:220,0
DA:228,0
DA:231,0
DA:232,0
DA:242,0
DA:243,0
LF:53
LH:0
BRDA:62,0,0,0
BRDA:62,0,1,0
BRDA:73,1,0,0
BRDA:73,1,1,0
BRDA:81,2,0,0
BRDA:81,2,1,0
BRDA:91,3,0,0
BRDA:91,3,1,0
BRDA:98,4,0,0
BRDA:98,4,1,0
BRDA:107,5,0,0
BRDA:107,5,1,0
BRDA:128,6,0,0
BRDA:128,6,1,0
BRDA:129,7,0,0
BRDA:129,7,1,0
BRDA:130,8,0,0
BRDA:130,8,1,0
BRDA:134,9,0,0
BRDA:134,9,1,0
BRDA:143,10,0,0
BRDA:143,10,1,0
BRDA:144,11,0,0
BRDA:144,11,1,0
BRDA:146,12,0,0
BRDA:146,12,1,0
BRDA:152,13,0,0
BRDA:152,13,1,0
BRDA:155,14,0,0
BRDA:155,14,1,0
BRDA:156,15,0,0
BRDA:156,15,1,0
BRDA:157,16,0,0
BRDA:157,16,1,0
BRDA:193,17,0,0
BRDA:193,17,1,0
BRDA:217,18,0,0
BRDA:217,18,1,0
BRDA:217,19,0,0
BRDA:217,19,1,0
BRDA:219,20,0,0
BRDA:219,20,1,0
BRF:42
BRH:0
end_of_record
TN:
SF:app/api/llm-usage/route.ts
FN:7,POST
FN:88,GET
FNF:2
FNH:0
FNDA:0,POST
FNDA:0,GET
DA:1,0
DA:2,0
DA:3,0
DA:5,0
DA:7,0
DA:9,0
DA:10,0
DA:14,0
DA:15,0
DA:16,0
DA:21,0
DA:22,0
DA:24,0
DA:38,0
DA:41,0
DA:42,0
DA:45,0
DA:46,0
DA:47,0
DA:48,0
DA:51,0
DA:53,0
DA:55,0
DA:70,0
DA:71,0
DA:72,0
DA:75,0
DA:82,0
DA:83,0
DA:88,0
DA:89,0
LF:31
LH:0
BRDA:9,0,0,0
BRDA:9,0,1,0
BRDA:15,1,0,0
BRDA:15,1,1,0
BRDA:15,2,0,0
BRDA:15,2,1,0
BRDA:41,3,0,0
BRDA:41,3,1,0
BRDA:41,4,0,0
BRDA:41,4,1,0
BRDA:45,5,0,0
BRDA:45,5,1,0
BRDA:46,6,0,0
BRDA:46,6,1,0
BRDA:47,7,0,0
BRDA:47,7,1,0
BRDA:48,8,0,0
BRDA:48,8,1,0
BRDA:51,9,0,0
BRDA:51,9,1,0
BRDA:60,10,0,0
BRDA:60,10,1,0
BRDA:66,11,0,0
BRDA:66,11,1,0
BRDA:67,12,0,0
BRDA:67,12,1,0
BRDA:70,13,0,0
BRDA:70,13,1,0
BRF:28
BRH:0
end_of_record
TN:
SF:app/api/metrics/by-campaign/route.ts
FN:33,fetchByCampaignData
FN:38,(anonymous_1)
FN:45,(anonymous_2)
FN:182,(anonymous_3)
FN:221,(anonymous_4)
FN:231,GET
FN:280,(anonymous_6)
FNF:7
FNH:0
FNDA:0,fetchByCampaignData
FNDA:0,(anonymous_1)
FNDA:0,(anonymous_2)
FNDA:0,(anonymous_3)
FNDA:0,(anonymous_4)
FNDA:0,GET
FNDA:0,(anonymous_6)
DA:1,0
DA:2,0
DA:3,0
DA:4,0
DA:5,0
DA:6,0
DA:7,0
DA:9,0
DA:38,0
DA:39,0
DA:40,0
DA:41,0
DA:42,0
DA:45,0
DA:46,0
DA:47,0
DA:50,0
DA:51,0
DA:60,0
DA:67,0
DA:74,0
DA:82,0
DA:83,0
DA:84,0
DA:85,0
DA:89,0
DA:95,0
DA:96,0
DA:97,0
DA:101,0
DA:107,0
DA:109,0
DA:110,0
DA:112,0
DA:114,0
DA:122,0
DA:125,0
DA:126,0
DA:128,0
DA:129,0
DA:131,0
DA:132,0
DA:134,0
DA:135,0
DA:138,0
DA:140,0
DA:142,0
DA:146,0
DA:147,0
DA:148,0
DA:149,0
DA:150,0
DA:152,0
DA:157,0
DA:158,0
DA:159,0
DA:160,0
DA:162,0
DA:164,0
DA:165,0
DA:170,0
DA:171,0
DA:172,0
DA:173,0
DA:174,0
DA:176,0
DA:177,0
DA:182,0
DA:183,0
DA:186,0
DA:189,0
DA:192,0
DA:193,0
DA:196,0
DA:197,0
DA:200,0
DA:205,0
DA:221,0
DA:223,0
DA:231,0
DA:233,0
DA:234,0
DA:236,0
DA:237,0
DA:243,0
DA:244,0
DA:245,0
DA:246,0
DA:249,0
DA:250,0
DA:251,0
DA:255,0
DA:256,0
DA:259,0
DA:260,0
DA:261,0
DA:269,0
DA:271,0
DA:278,0
DA:280,0
DA:284,0
DA:286,0
DA:287,0
LF:103
LH:0
BRDA:39,0,0,0
BRDA:39,0,1,0
BRDA:39,1,0,0
BRDA:39,1,1,0
BRDA:41,2,0,0
BRDA:41,2,1,0
BRDA:41,3,0,0
BRDA:41,3,1,0
BRDA:46,4,0,0
BRDA:46,4,1,0
BRDA:50,5,0,0
BRDA:50,5,1,0
BRDA:95,6,0,0
BRDA:95,6,1,0
BRDA:109,7,0,0
BRDA:109,7,1,0
BRDA:110,8,0,0
BRDA:110,8,1,0
BRDA:112,9,0,0
BRDA:112,9,1,0
BRDA:114,10,0,0
BRDA:114,10,1,0
BRDA:122,11,0,0
BRDA:122,11,1,0
BRDA:122,11,2,0
BRDA:122,11,3,0
BRDA:122,11,4,0
BRDA:142,12,0,0
BRDA:142,12,1,0
BRDA:142,12,2,0
BRDA:142,12,3,0
BRDA:146,13,0,0
BRDA:146,13,1,0
BRDA:148,14,0,0
BRDA:148,14,1,0
BRDA:149,15,0,0
BRDA:149,15,1,0
BRDA:158,16,0,0
BRDA:158,16,1,0
BRDA:159,17,0,0
BRDA:159,17,1,0
BRDA:160,18,0,0
BRDA:160,18,1,0
BRDA:162,19,0,0
BRDA:162,19,1,0
BRDA:164,20,0,0
BRDA:164,20,1,0
BRDA:165,21,0,0
BRDA:165,21,1,0
BRDA:171,22,0,0
BRDA:171,22,1,0
BRDA:172,23,0,0
BRDA:172,23,1,0
BRDA:173,24,0,0
BRDA:173,24,1,0
BRDA:174,25,0,0
BRDA:174,25,1,0
BRDA:176,26,0,0
BRDA:176,26,1,0
BRDA:177,27,0,0
BRDA:177,27,1,0
BRDA:183,28,0,0
BRDA:183,28,1,0
BRDA:186,29,0,0
BRDA:186,29,1,0
BRDA:189,30,0,0
BRDA:189,30,1,0
BRDA:192,31,0,0
BRDA:192,31,1,0
BRDA:193,32,0,0
BRDA:193,32,1,0
BRDA:197,33,0,0
BRDA:197,33,1,0
BRDA:198,34,0,0
BRDA:198,34,1,0
BRDA:201,35,0,0
BRDA:201,35,1,0
BRDA:202,36,0,0
BRDA:202,36,1,0
BRDA:236,37,0,0
BRDA:236,37,1,0
BRDA:246,38,0,0
BRDA:246,38,1,0
BRDA:250,39,0,0
BRDA:250,39,1,0
BRDA:255,40,0,0
BRDA:255,40,1,0
BRDA:256,41,0,0
BRDA:256,41,1,0
BRDA:259,42,0,0
BRDA:259,42,1,0
BRF:91
BRH:0
end_of_record
TN:
SF:app/api/metrics/by-sender/route.ts
FN:48,fetchBySenderData
FN:86,(anonymous_1)
FN:169,(anonymous_2)
FN:186,(anonymous_3)
FN:192,(anonymous_4)
FN:193,(anonymous_5)
FN:199,GET
FN:242,(anonymous_7)
FNF:8
FNH:0
FNDA:0,fetchBySenderData
FNDA:0,(anonymous_1)
FNDA:0,(anonymous_2)
FNDA:0,(anonymous_3)
FNDA:0,(anonymous_4)
FNDA:0,(anonymous_5)
FNDA:0,GET
FNDA:0,(anonymous_7)
DA:1,0
DA:2,0
DA:11,0
DA:12,0
DA:13,0
DA:15,0
DA:16,0
DA:18,0
DA:57,0
DA:65,0
DA:66,0
DA:69,0
DA:70,0
DA:74,0
DA:75,0
DA:78,0
DA:80,0
DA:81,0
DA:82,0
DA:86,0
DA:88,0
DA:89,0
DA:90,0
DA:91,0
DA:97,0
DA:98,0
DA:99,0
DA:105,0
DA:116,0
DA:118,0
DA:122,0
DA:126,0
DA:127,0
DA:139,0
DA:141,0
DA:142,0
DA:145,0
DA:148,0
DA:149,0
DA:151,0
DA:152,0
DA:154,0
DA:155,0
DA:157,0
DA:158,0
DA:160,0
DA:161,0
DA:163,0
DA:164,0
DA:169,0
DA:186,0
DA:188,0
DA:192,0
DA:193,0
DA:199,0
DA:201,0
DA:202,0
DA:204,0
DA:205,0
DA:211,0
DA:212,0
DA:213,0
DA:215,0
DA:216,0
DA:219,0
DA:220,0
DA:221,0
DA:223,0
DA:227,0
DA:228,0
DA:231,0
DA:240,0
DA:242,0
DA:253,0
DA:255,0
LF:75
LH:0
BRDA:65,0,0,0
BRDA:65,0,1,0
BRDA:74,1,0,0
BRDA:74,1,1,0
BRDA:80,2,0,0
BRDA:80,2,1,0
BRDA:86,3,0,0
BRDA:86,3,1,0
BRDA:89,4,0,0
BRDA:89,4,1,0
BRDA:97,5,0,0
BRDA:97,5,1,0
BRDA:98,6,0,0
BRDA:98,6,1,0
BRDA:116,7,0,0
BRDA:116,7,1,0
BRDA:118,8,0,0
BRDA:118,8,1,0
BRDA:122,9,0,0
BRDA:122,9,1,0
BRDA:122,9,2,0
BRDA:126,10,0,0
BRDA:126,10,1,0
BRDA:141,11,0,0
BRDA:141,11,1,0
BRDA:145,12,0,0
BRDA:145,12,1,0
BRDA:145,12,2,0
BRDA:145,12,3,0
BRDA:145,12,4,0
BRDA:145,12,5,0
BRDA:145,12,6,0
BRDA:177,13,0,0
BRDA:177,13,1,0
BRDA:178,14,0,0
BRDA:178,14,1,0
BRDA:179,15,0,0
BRDA:179,15,1,0
BRDA:180,16,0,0
BRDA:180,16,1,0
BRDA:204,17,0,0
BRDA:204,17,1,0
BRDA:213,18,0,0
BRDA:213,18,1,0
BRDA:220,19,0,0
BRDA:220,19,1,0
BRDA:234,20,0,0
BRDA:234,20,1,0
BRDA:235,21,0,0
BRDA:235,21,1,0
BRF:50
BRH:0
end_of_record
TN:
SF:app/api/metrics/cost-breakdown/route.ts
FN:40,emptyResponse
FN:52,fetchCostBreakdown
FN:158,(anonymous_2)
FN:165,(anonymous_3)
FN:168,(anonymous_4)
FN:176,(anonymous_5)
FN:179,(anonymous_6)
FN:180,(anonymous_7)
FN:182,(anonymous_8)
FN:183,(anonymous_9)
FN:184,(anonymous_10)
FN:185,(anonymous_11)
FN:202,GET
FN:252,(anonymous_13)
FNF:14
FNH:0
FNDA:0,emptyResponse
FNDA:0,fetchCostBreakdown
FNDA:0,(anonymous_2)
FNDA:0,(anonymous_3)
FNDA:0,(anonymous_4)
FNDA:0,(anonymous_5)
FNDA:0,(anonymous_6)
FNDA:0,(anonymous_7)
FNDA:0,(anonymous_8)
FNDA:0,(anonymous_9)
FNDA:0,(anonymous_10)
FNDA:0,(anonymous_11)
FNDA:0,GET
FNDA:0,(anonymous_13)
DA:1,0
DA:2,0
DA:3,0
DA:4,0
DA:5,0
DA:6,0
DA:7,0
DA:9,0
DA:41,0
DA:59,0
DA:60,0
DA:64,0
DA:72,0
DA:73,0
DA:76,0
DA:77,0
DA:81,0
DA:82,0
DA:85,0
DA:87,0
DA:88,0
DA:89,0
DA:93,0
DA:101,0
DA:110,0
DA:112,0
DA:113,0
DA:114,0
DA:115,0
DA:116,0
DA:117,0
DA:118,0
DA:121,0
DA:127,0
DA:135,0
DA:136,0
DA:143,0
DA:152,0
DA:153,0
DA:157,0
DA:158,0
DA:165,0
DA:167,0
DA:168,0
DA:176,0
DA:178,0
DA:179,0
DA:180,0
DA:182,0
DA:183,0
DA:184,0
DA:185,0
DA:187,0
DA:202,0
DA:204,0
DA:205,0
DA:207,0
DA:208,0
DA:215,0
DA:216,0
DA:222,0
DA:223,0
DA:224,0
DA:225,0
DA:226,0
DA:227,0
DA:230,0
DA:231,0
DA:232,0
DA:236,0
DA:237,0
DA:239,0
DA:241,0
DA:250,0
DA:252,0
DA:256,0
DA:258,0
DA:259,0
LF:78
LH:0
BRDA:59,0,0,0
BRDA:59,0,1,0
BRDA:72,1,0,0
BRDA:72,1,1,0
BRDA:81,2,0,0
BRDA:81,2,1,0
BRDA:81,3,0,0
BRDA:81,3,1,0
BRDA:87,4,0,0
BRDA:87,4,1,0
BRDA:112,5,0,0
BRDA:112,5,1,0
BRDA:113,6,0,0
BRDA:113,6,1,0
BRDA:114,7,0,0
BRDA:114,7,1,0
BRDA:115,8,0,0
BRDA:115,8,1,0
BRDA:116,9,0,0
BRDA:116,9,1,0
BRDA:117,10,0,0
BRDA:117,10,1,0
BRDA:118,11,0,0
BRDA:118,11,1,0
BRDA:121,12,0,0
BRDA:121,12,1,0
BRDA:136,13,0,0
BRDA:136,13,1,0
BRDA:152,14,0,0
BRDA:152,14,1,0
BRDA:207,15,0,0
BRDA:207,15,1,0
BRDA:215,16,0,0
BRDA:215,16,1,0
BRDA:227,17,0,0
BRDA:227,17,1,0
BRDA:231,18,0,0
BRDA:231,18,1,0
BRDA:236,19,0,0
BRDA:236,19,1,0
BRDA:237,20,0,0
BRDA:237,20,1,0
BRDA:244,21,0,0
BRDA:244,21,1,0
BRDA:245,22,0,0
BRDA:245,22,1,0
BRF:46
BRH:0
end_of_record
TN:
SF:app/api/metrics/step-breakdown/route.ts
FN:38,fetchStepBreakdownData
FN:56,(anonymous_1)
FN:63,(anonymous_2)
FN:131,(anonymous_3)
FN:151,(anonymous_4)
FN:152,(anonymous_5)
FN:185,GET
FN:239,(anonymous_7)
FNF:8
FNH:0
FNDA:0,fetchStepBreakdownData
FNDA:0,(anonymous_1)
FNDA:0,(anonymous_2)
FNDA:0,(anonymous_3)
FNDA:0,(anonymous_4)
FNDA:0,(anonymous_5)
FNDA:0,GET
FNDA:0,(anonymous_7)
DA:1,0
DA:2,0
DA:3,0
DA:4,0
DA:5,0
DA:6,0
DA:7,0
DA:8,0
DA:10,0
DA:44,0
DA:45,0
DA:56,0
DA:57,0
DA:58,0
DA:59,0
DA:60,0
DA:63,0
DA:64,0
DA:65,0
DA:69,0
DA:78,0
DA:79,0
DA:82,0
DA:83,0
DA:87,0
DA:89,0
DA:90,0
DA:91,0
DA:95,0
DA:96,0
DA:97,0
DA:99,0
DA:100,0
DA:102,0
DA:106,0
DA:107,0
DA:108,0
DA:109,0
DA:110,0
DA:112,0
DA:115,0
DA:116,0
DA:117,0
DA:121,0
DA:122,0
DA:125,0
DA:131,0
DA:139,0
DA:140,0
DA:141,0
DA:143,0
DA:144,0
DA:145,0
DA:151,0
DA:152,0
DA:153,0
DA:156,0
DA:157,0
DA:158,0
DA:159,0
DA:164,0
DA:165,0
DA:168,0
DA:171,0
DA:185,0
DA:187,0
DA:188,0
DA:190,0
DA:191,0
DA:197,0
DA:198,0
DA:199,0
DA:200,0
DA:201,0
DA:204,0
DA:205,0
DA:206,0
DA:210,0
DA:211,0
DA:214,0
DA:215,0
DA:216,0
DA:227,0
DA:229,0
DA:237,0
DA:239,0
DA:243,0
DA:245,0
DA:246,0
LF:89
LH:0
BRDA:44,0,0,0
BRDA:44,0,1,0
BRDA:57,1,0,0
BRDA:57,1,1,0
BRDA:57,2,0,0
BRDA:57,2,1,0
BRDA:59,3,0,0
BRDA:59,3,1,0
BRDA:59,4,0,0
BRDA:59,4,1,0
BRDA:64,5,0,0
BRDA:64,5,1,0
BRDA:78,6,0,0
BRDA:78,6,1,0
BRDA:89,7,0,0
BRDA:89,7,1,0
BRDA:99,8,0,0
BRDA:99,8,1,0
BRDA:102,9,0,0
BRDA:102,9,1,0
BRDA:102,9,2,0
BRDA:102,9,3,0
BRDA:106,10,0,0
BRDA:106,10,1,0
BRDA:107,11,0,0
BRDA:107,11,1,0
BRDA:109,12,0,0
BRDA:109,12,1,0
BRDA:109,13,0,0
BRDA:109,13,1,0
BRDA:116,14,0,0
BRDA:116,14,1,0
BRDA:116,15,0,0
BRDA:116,15,1,0
BRDA:122,16,0,0
BRDA:122,16,1,0
BRDA:134,17,0,0
BRDA:134,17,1,0
BRDA:135,18,0,0
BRDA:135,18,1,0
BRDA:147,19,0,0
BRDA:147,19,1,0
BRDA:152,20,0,0
BRDA:152,20,1,0
BRDA:164,21,0,0
BRDA:164,21,1,0
BRDA:164,22,0,0
BRDA:164,22,1,0
BRDA:190,23,0,0
BRDA:190,23,1,0
BRDA:201,24,0,0
BRDA:201,24,1,0
BRDA:205,25,0,0
BRDA:205,25,1,0
BRDA:210,26,0,0
BRDA:210,26,1,0
BRDA:211,27,0,0
BRDA:211,27,1,0
BRDA:214,28,0,0
BRDA:214,28,1,0
BRDA:232,29,0,0
BRDA:232,29,1,0
BRF:62
BRH:0
end_of_record
TN:
SF:app/api/metrics/summary/route.ts
FN:36,emptyResponse
FN:62,fetchSummaryData
FN:135,(anonymous_2)
FN:136,(anonymous_3)
FN:137,(anonymous_4)
FN:138,(anonymous_5)
FN:139,(anonymous_6)
FN:140,(anonymous_7)
FN:162,(anonymous_8)
FN:169,(anonymous_9)
FN:170,(anonymous_10)
FN:171,(anonymous_11)
FN:208,GET
FN:248,(anonymous_13)
FNF:14
FNH:0
FNDA:0,emptyResponse
FNDA:0,fetchSummaryData
FNDA:0,(anonymous_2)
FNDA:0,(anonymous_3)
FNDA:0,(anonymous_4)
FNDA:0,(anonymous_5)
FNDA:0,(anonymous_6)
FNDA:0,(anonymous_7)
FNDA:0,(anonymous_8)
FNDA:0,(anonymous_9)
FNDA:0,(anonymous_10)
FNDA:0,(anonymous_11)
FNDA:0,GET
FNDA:0,(anonymous_13)
DA:1,0
DA:2,0
DA:3,0
DA:4,0
DA:5,0
DA:6,0
DA:8,0
DA:37,0
DA:68,0
DA:69,0
DA:73,0
DA:76,0
DA:79,0
DA:87,0
DA:94,0
DA:101,0
DA:108,0
DA:109,0
DA:110,0
DA:111,0
DA:113,0
DA:114,0
DA:115,0
DA:116,0
DA:121,0
DA:127,0
DA:128,0
DA:129,0
DA:133,0
DA:134,0
DA:135,0
DA:136,0
DA:137,0
DA:138,0
DA:139,0
DA:140,0
DA:144,0
DA:147,0
DA:150,0
DA:153,0
DA:156,0
DA:161,0
DA:162,0
DA:167,0
DA:168,0
DA:169,0
DA:170,0
DA:171,0
DA:174,0
DA:179,0
DA:182,0
DA:184,0
DA:208,0
DA:210,0
DA:211,0
DA:213,0
DA:214,0
DA:220,0
DA:221,0
DA:222,0
DA:223,0
DA:224,0
DA:227,0
DA:228,0
DA:231,0
DA:232,0
DA:233,0
DA:236,0
DA:238,0
DA:246,0
DA:248,0
DA:252,0
DA:254,0
DA:255,0
LF:74
LH:0
BRDA:36,0,0,0
BRDA:68,1,0,0
BRDA:68,1,1,0
BRDA:108,2,0,0
BRDA:108,2,1,0
BRDA:127,3,0,0
BRDA:127,3,1,0
BRDA:133,4,0,0
BRDA:133,4,1,0
BRDA:144,5,0,0
BRDA:144,5,1,0
BRDA:147,6,0,0
BRDA:147,6,1,0
BRDA:150,7,0,0
BRDA:150,7,1,0
BRDA:153,8,0,0
BRDA:153,8,1,0
BRDA:156,9,0,0
BRDA:156,9,1,0
BRDA:161,10,0,0
BRDA:161,10,1,0
BRDA:162,11,0,0
BRDA:162,11,1,0
BRDA:167,12,0,0
BRDA:167,12,1,0
BRDA:174,13,0,0
BRDA:174,13,1,0
BRDA:179,14,0,0
BRDA:179,14,1,0
BRDA:213,15,0,0
BRDA:213,15,1,0
BRDA:227,16,0,0
BRDA:227,16,1,0
BRDA:228,17,0,0
BRDA:228,17,1,0
BRDA:231,18,0,0
BRDA:231,18,1,0
BRDA:241,19,0,0
BRDA:241,19,1,0
BRF:39
BRH:0
end_of_record
TN:
SF:app/api/metrics/timeseries/route.ts
FN:21,fetchTimeseriesData
FN:79,(anonymous_1)
FN:125,(anonymous_2)
FN:171,GET
FN:224,(anonymous_4)
FN:242,fillMissingDays
FN:247,(anonymous_6)
FNF:7
FNH:0
FNDA:0,fetchTimeseriesData
FNDA:0,(anonymous_1)
FNDA:0,(anonymous_2)
FNDA:0,GET
FNDA:0,(anonymous_4)
FNDA:0,fillMissingDays
FNDA:0,(anonymous_6)
DA:1,0
DA:2,0
DA:3,0
DA:4,0
DA:5,0
DA:6,0
DA:7,0
DA:9,0
DA:28,0
DA:29,0
DA:39,0
DA:48,0
DA:49,0
DA:52,0
DA:53,0
DA:58,0
DA:59,0
DA:61,0
DA:62,0
DA:70,0
DA:71,0
DA:74,0
DA:75,0
DA:79,0
DA:86,0
DA:91,0
DA:92,0
DA:93,0
DA:103,0
DA:105,0
DA:106,0
DA:107,0
DA:116,0
DA:117,0
DA:118,0
DA:119,0
DA:120,0
DA:125,0
DA:128,0
DA:130,0
DA:131,0
DA:132,0
DA:134,0
DA:135,0
DA:137,0
DA:138,0
DA:140,0
DA:141,0
DA:143,0
DA:144,0
DA:146,0
DA:147,0
DA:149,0
DA:150,0
DA:152,0
DA:153,0
DA:156,0
DA:157,0
DA:160,0
DA:163,0
DA:171,0
DA:173,0
DA:174,0
DA:176,0
DA:177,0
DA:183,0
DA:184,0
DA:185,0
DA:186,0
DA:187,0
DA:188,0
DA:191,0
DA:192,0
DA:193,0
DA:197,0
DA:198,0
DA:201,0
DA:202,0
DA:211,0
DA:213,0
DA:222,0
DA:224,0
DA:228,0
DA:230,0
DA:231,0
DA:247,0
DA:248,0
DA:250,0
DA:251,0
DA:253,0
DA:254,0
DA:255,0
DA:261,0
LF:93
LH:0
BRDA:28,0,0,0
BRDA:28,0,1,0
BRDA:48,1,0,0
BRDA:48,1,1,0
BRDA:58,2,0,0
BRDA:58,2,1,0
BRDA:61,3,0,0
BRDA:61,3,1,0
BRDA:61,4,0,0
BRDA:61,4,1,0
BRDA:70,5,0,0
BRDA:70,5,1,0
BRDA:88,6,0,0
BRDA:88,6,1,0
BRDA:91,7,0,0
BRDA:91,7,1,0
BRDA:105,8,0,0
BRDA:105,8,1,0
BRDA:106,9,0,0
BRDA:106,9,1,0
BRDA:108,10,0,0
BRDA:108,10,1,0
BRDA:109,11,0,0
BRDA:109,11,1,0
BRDA:110,12,0,0
BRDA:110,12,1,0
BRDA:111,13,0,0
BRDA:111,13,1,0
BRDA:117,14,0,0
BRDA:117,14,1,0
BRDA:117,15,0,0
BRDA:117,15,1,0
BRDA:120,16,0,0
BRDA:120,16,1,0
BRDA:128,17,0,0
BRDA:128,17,1,0
BRDA:128,17,2,0
BRDA:128,17,3,0
BRDA:128,17,4,0
BRDA:128,17,5,0
BRDA:128,17,6,0
BRDA:128,17,7,0
BRDA:128,17,8,0
BRDA:128,17,9,0
BRDA:130,18,0,0
BRDA:130,18,1,0
BRDA:131,19,0,0
BRDA:131,19,1,0
BRDA:134,20,0,0
BRDA:134,20,1,0
BRDA:137,21,0,0
BRDA:137,21,1,0
BRDA:140,22,0,0
BRDA:140,22,1,0
BRDA:143,23,0,0
BRDA:143,23,1,0
BRDA:176,24,0,0
BRDA:176,24,1,0
BRDA:184,25,0,0
BRDA:184,25,1,0
BRDA:192,26,0,0
BRDA:192,26,1,0
BRDA:197,27,0,0
BRDA:197,27,1,0
BRDA:198,28,0,0
BRDA:198,28,1,0
BRDA:201,29,0,0
BRDA:201,29,1,0
BRDA:217,30,0,0
BRDA:217,30,1,0
BRDA:257,31,0,0
BRDA:257,31,1,0
BRF:72
BRH:0
end_of_record
TN:
SF:app/api/n8n/execution-event/route.ts
FN:21,createDB
FN:24,(anonymous_1)
FN:30,(anonymous_2)
FN:31,(anonymous_3)
FN:32,(anonymous_4)
FN:33,(anonymous_5)
FN:34,(anonymous_6)
FN:35,(anonymous_7)
FN:36,(anonymous_8)
FN:37,(anonymous_9)
FN:41,POST
FNF:11
FNH:0
FNDA:0,createDB
FNDA:0,(anonymous_1)
FNDA:0,(anonymous_2)
FNDA:0,(anonymous_3)
FNDA:0,(anonymous_4)
FNDA:0,(anonymous_5)
FNDA:0,(anonymous_6)
FNDA:0,(anonymous_7)
FNDA:0,(anonymous_8)
FNDA:0,(anonymous_9)
FNDA:0,POST
DA:8,0
DA:9,0
DA:10,0
DA:11,0
DA:14,0
DA:19,0
DA:22,0
DA:23,0
DA:25,0
DA:28,0
DA:30,0
DA:31,0
DA:32,0
DA:33,0
DA:34,0
DA:35,0
DA:36,0
DA:37,0
DA:41,0
DA:42,0
DA:43,0
DA:44,0
DA:45,0
DA:52,0
DA:53,0
DA:55,0
DA:56,0
DA:62,0
DA:63,0
DA:69,0
DA:72,0
DA:73,0
DA:79,0
DA:80,0
DA:82,0
DA:83,0
DA:89,0
DA:92,0
DA:93,0
LF:39
LH:0
BRDA:19,0,0,0
BRDA:19,0,1,0
BRDA:22,1,0,0
BRDA:22,1,1,0
BRDA:44,2,0,0
BRDA:44,2,1,0
BRDA:55,3,0,0
BRDA:55,3,1,0
BRDA:62,4,0,0
BRDA:62,4,1,0
BRDA:62,5,0,0
BRDA:62,5,1,0
BRDA:72,6,0,0
BRDA:72,6,1,0
BRDA:72,7,0,0
BRDA:72,7,1,0
BRDA:72,7,2,0
BRDA:72,7,3,0
BRDA:72,7,4,0
BRDA:82,8,0,0
BRDA:82,8,1,0
BRF:21
BRH:0
end_of_record
TN:
SF:app/api/notifications/route.ts
FN:28,GET
FN:83,(anonymous_1)
FN:103,PATCH
FN:195,DELETE
FNF:4
FNH:0
FNDA:0,GET
FNDA:0,(anonymous_1)
FNDA:0,PATCH
FNDA:0,DELETE
DA:1,0
DA:2,0
DA:3,0
DA:6,0
DA:28,0
DA:29,0
DA:30,0
DA:32,0
DA:33,0
DA:39,0
DA:40,0
DA:46,0
DA:47,0
DA:48,0
DA:49,0
DA:52,0
DA:60,0
DA:62,0
DA:63,0
DA:66,0
DA:68,0
DA:69,0
DA:71,0
DA:72,0
DA:73,0
DA:83,0
DA:85,0
DA:91,0
DA:92,0
DA:103,0
DA:104,0
DA:105,0
DA:107,0
DA:108,0
DA:114,0
DA:115,0
DA:121,0
DA:122,0
DA:124,0
DA:125,0
DA:131,0
DA:132,0
DA:134,0
DA:144,0
DA:145,0
DA:146,0
DA:147,0
DA:149,0
DA:151,0
DA:152,0
DA:154,0
DA:160,0
DA:162,0
DA:163,0
DA:165,0
DA:166,0
DA:167,0
DA:177,0
DA:183,0
DA:184,0
DA:195,0
DA:196,0
DA:197,0
DA:199,0
DA:200,0
DA:206,0
DA:207,0
DA:213,0
DA:214,0
DA:215,0
DA:217,0
DA:218,0
DA:224,0
DA:231,0
DA:232,0
DA:234,0
DA:235,0
DA:236,0
DA:246,0
DA:249,0
DA:250,0
LF:81
LH:0
BRDA:32,0,0,0
BRDA:32,0,1,0
BRDA:39,1,0,0
BRDA:39,1,1,0
BRDA:47,2,0,0
BRDA:47,2,1,0
BRDA:48,3,0,0
BRDA:48,3,1,0
BRDA:62,4,0,0
BRDA:62,4,1,0
BRDA:68,5,0,0
BRDA:68,5,1,0
BRDA:69,6,0,0
BRDA:69,6,1,0
BRDA:71,7,0,0
BRDA:71,7,1,0
BRDA:75,8,0,0
BRDA:75,8,1,0
BRDA:79,9,0,0
BRDA:79,9,1,0
BRDA:83,10,0,0
BRDA:83,10,1,0
BRDA:86,11,0,0
BRDA:86,11,1,0
BRDA:107,12,0,0
BRDA:107,12,1,0
BRDA:114,13,0,0
BRDA:114,13,1,0
BRDA:124,14,0,0
BRDA:124,14,1,0
BRDA:124,15,0,0
BRDA:124,15,1,0
BRDA:131,16,0,0
BRDA:131,16,1,0
BRDA:137,17,0,0
BRDA:137,17,1,0
BRDA:144,18,0,0
BRDA:144,18,1,0
BRDA:146,19,0,0
BRDA:146,19,1,0
BRDA:151,20,0,0
BRDA:151,20,1,0
BRDA:151,21,0,0
BRDA:151,21,1,0
BRDA:162,22,0,0
BRDA:162,22,1,0
BRDA:163,23,0,0
BRDA:163,23,1,0
BRDA:165,24,0,0
BRDA:165,24,1,0
BRDA:169,25,0,0
BRDA:169,25,1,0
BRDA:173,26,0,0
BRDA:173,26,1,0
BRDA:179,27,0,0
BRDA:179,27,1,0
BRDA:199,28,0,0
BRDA:199,28,1,0
BRDA:206,29,0,0
BRDA:206,29,1,0
BRDA:215,30,0,0
BRDA:215,30,1,0
BRDA:217,31,0,0
BRDA:217,31,1,0
BRDA:231,32,0,0
BRDA:231,32,1,0
BRDA:232,33,0,0
BRDA:232,33,1,0
BRDA:234,34,0,0
BRDA:234,34,1,0
BRDA:238,35,0,0
BRDA:238,35,1,0
BRDA:242,36,0,0
BRDA:242,36,1,0
BRF:74
BRH:0
end_of_record
TN:
SF:app/api/oauth/gmail/authorize/route.ts
FN:15,getGmailService
FN:41,POST
FNF:2
FNH:0
FNDA:0,getGmailService
FNDA:0,POST
DA:7,0
DA:8,0
DA:9,0
DA:12,0
DA:13,0
DA:16,0
DA:17,0
DA:19,0
DA:20,0
DA:25,0
DA:26,0
DA:28,0
DA:29,0
DA:35,0
DA:41,0
DA:42,0
DA:43,0
DA:44,0
DA:45,0
DA:48,0
DA:49,0
DA:51,0
DA:52,0
DA:55,0
DA:56,0
DA:57,0
DA:60,0
DA:66,0
DA:68,0
DA:69,0
LF:30
LH:0
BRDA:19,0,0,0
BRDA:19,0,1,0
BRDA:19,1,0,0
BRDA:19,1,1,0
BRDA:25,2,0,0
BRDA:25,2,1,0
BRDA:28,3,0,0
BRDA:28,3,1,0
BRDA:44,4,0,0
BRDA:44,4,1,0
BRDA:51,5,0,0
BRDA:51,5,1,0
BRDA:56,6,0,0
BRDA:56,6,1,0
BRF:14
BRH:0
end_of_record
TN:
SF:app/api/oauth/gmail/callback/route.ts
FN:27,getServices
FN:64,GET
FNF:2
FNH:0
FNDA:0,getServices
FNDA:0,GET
DA:7,0
DA:8,0
DA:9,0
DA:14,0
DA:17,0
DA:18,0
DA:19,0
DA:20,0
DA:28,0
DA:29,0
DA:30,0
DA:32,0
DA:33,0
DA:35,0
DA:36,0
DA:39,0
DA:40,0
DA:42,0
DA:43,0
DA:48,0
DA:49,0
DA:51,0
DA:52,0
DA:58,0
DA:64,0
DA:65,0
DA:66,0
DA:67,0
DA:68,0
DA:69,0
DA:72,0
DA:73,0
DA:78,0
DA:79,0
DA:85,0
DA:86,0
DA:87,0
DA:91,0
DA:94,0
DA:96,0
DA:97,0
DA:103,0
DA:115,0
DA:116,0
DA:122,0
DA:125,0
DA:126,0
DA:127,0
DA:128,0
DA:129,0
DA:132,0
DA:134,0
DA:135,0
LF:53
LH:0
BRDA:32,0,0,0
BRDA:32,0,1,0
BRDA:32,1,0,0
BRDA:32,1,1,0
BRDA:35,2,0,0
BRDA:35,2,1,0
BRDA:39,3,0,0
BRDA:39,3,1,0
BRDA:42,4,0,0
BRDA:42,4,1,0
BRDA:48,5,0,0
BRDA:48,5,1,0
BRDA:51,6,0,0
BRDA:51,6,1,0
BRDA:72,7,0,0
BRDA:72,7,1,0
BRDA:78,8,0,0
BRDA:78,8,1,0
BRDA:78,9,0,0
BRDA:78,9,1,0
BRDA:86,10,0,0
BRDA:86,10,1,0
BRDA:96,11,0,0
BRDA:96,11,1,0
BRDA:96,12,0,0
BRDA:96,12,1,0
BRDA:96,12,2,0
BRDA:98,13,0,0
BRDA:98,13,1,0
BRDA:108,14,0,0
BRDA:108,14,1,0
BRDA:115,15,0,0
BRDA:115,15,1,0
BRDA:117,16,0,0
BRDA:117,16,1,0
BRDA:125,17,0,0
BRDA:125,17,1,0
BRDA:128,18,0,0
BRDA:128,18,1,0
BRDA:128,19,0,0
BRDA:128,19,1,0
BRF:41
BRH:0
end_of_record
TN:
SF:app/api/onboarding/apify/route.ts
FN:15,GET
FN:58,POST
FNF:2
FNH:0
FNDA:0,GET
FNDA:0,POST
DA:8,0
DA:9,0
DA:10,0
DA:15,0
DA:16,0
DA:17,0
DA:18,0
DA:19,0
DA:22,0
DA:23,0
DA:25,0
DA:26,0
DA:30,0
DA:36,0
DA:37,0
DA:39,0
DA:41,0
DA:44,0
DA:49,0
DA:51,0
DA:58,0
DA:59,0
DA:60,0
DA:61,0
DA:62,0
DA:65,0
DA:66,0
DA:68,0
DA:69,0
DA:75,0
DA:76,0
DA:81,0
DA:86,0
DA:88,0
DA:89,0
LF:35
LH:0
BRDA:18,0,0,0
BRDA:18,0,1,0
BRDA:25,1,0,0
BRDA:25,1,1,0
BRDA:39,2,0,0
BRDA:39,2,1,0
BRDA:45,3,0,0
BRDA:45,3,1,0
BRDA:46,4,0,0
BRDA:46,4,1,0
BRDA:61,5,0,0
BRDA:61,5,1,0
BRDA:68,6,0,0
BRDA:68,6,1,0
BRDA:68,7,0,0
BRDA:68,7,1,0
BRDA:75,8,0,0
BRDA:75,8,1,0
BRF:18
BRH:0
end_of_record
TN:
SF:app/api/onboarding/brand/route.ts
FN:16,getBrandService
FN:28,GET
FN:75,POST
FNF:3
FNH:0
FNDA:0,getBrandService
FNDA:0,GET
FNDA:0,POST
DA:8,0
DA:9,0
DA:10,0
DA:11,0
DA:14,0
DA:17,0
DA:18,0
DA:22,0
DA:28,0
DA:29,0
DA:30,0
DA:31,0
DA:32,0
DA:35,0
DA:36,0
DA:38,0
DA:39,0
DA:42,0
DA:43,0
DA:44,0
DA:46,0
DA:48,0
DA:56,0
DA:58,0
DA:59,0
DA:67,0
DA:68,0
DA:75,0
DA:76,0
DA:77,0
DA:78,0
DA:79,0
DA:82,0
DA:92,0
DA:94,0
DA:95,0
DA:101,0
DA:102,0
DA:103,0
DA:114,0
DA:116,0
DA:117,0
DA:120,0
DA:122,0
DA:123,0
DA:126,0
DA:127,0
LF:47
LH:0
BRDA:17,0,0,0
BRDA:17,0,1,0
BRDA:31,1,0,0
BRDA:31,1,1,0
BRDA:38,2,0,0
BRDA:38,2,1,0
BRDA:46,3,0,0
BRDA:46,3,1,0
BRDA:78,4,0,0
BRDA:78,4,1,0
BRDA:94,5,0,0
BRDA:94,5,1,0
BRDA:94,6,0,0
BRDA:94,6,1,0
BRDA:114,7,0,0
BRDA:114,7,1,0
BRF:16
BRH:0
end_of_record
TN:
SF:app/api/onboarding/brand/auto-scrape/route.ts
FN:13,POST
FNF:1
FNH:0
FNDA:0,POST
DA:10,0
DA:11,0
DA:13,0
DA:14,0
DA:15,0
DA:16,0
DA:18,0
DA:19,0
DA:26,0
DA:27,0
DA:29,0
DA:31,0
DA:42,0
DA:49,0
DA:50,0
LF:15
LH:0
BRDA:18,0,0,0
BRDA:18,0,1,0
BRDA:18,1,0,0
BRDA:18,1,1,0
BRDA:29,2,0,0
BRDA:29,2,1,0
BRDA:34,3,0,0
BRDA:34,3,1,0
BRF:8
BRH:0
end_of_record
TN:
SF:app/api/onboarding/credentials/route.ts
FN:19,getServices
FN:44,GET
FN:94,POST
FNF:3
FNH:0
FNDA:0,getServices
FNDA:0,GET
FNDA:0,POST
DA:8,0
DA:9,0
DA:10,0
DA:11,0
DA:12,0
DA:15,0
DA:16,0
DA:17,0
DA:20,0
DA:21,0
DA:22,0
DA:25,0
DA:26,0
DA:28,0
DA:29,0
DA:34,0
DA:35,0
DA:38,0
DA:44,0
DA:45,0
DA:46,0
DA:47,0
DA:48,0
DA:51,0
DA:52,0
DA:53,0
DA:55,0
DA:57,0
DA:58,0
DA:59,0
DA:61,0
DA:62,0
DA:69,0
DA:70,0
DA:71,0
DA:72,0
DA:75,0
DA:79,0
DA:83,0
DA:84,0
DA:86,0
DA:87,0
DA:94,0
DA:95,0
DA:96,0
DA:97,0
DA:98,0
DA:101,0
DA:102,0
DA:103,0
DA:105,0
DA:107,0
DA:108,0
DA:111,0
DA:112,0
DA:113,0
DA:120,0
DA:121,0
DA:122,0
DA:129,0
DA:130,0
DA:131,0
DA:134,0
DA:140,0
DA:141,0
DA:150,0
DA:152,0
DA:153,0
DA:162,0
DA:163,0
DA:164,0
DA:166,0
DA:168,0
DA:176,0
DA:177,0
DA:181,0
DA:182,0
DA:185,0
DA:190,0
DA:191,0
LF:80
LH:0
BRDA:21,0,0,0
BRDA:21,0,1,0
BRDA:25,1,0,0
BRDA:25,1,1,0
BRDA:28,2,0,0
BRDA:28,2,1,0
BRDA:34,3,0,0
BRDA:34,3,1,0
BRDA:47,4,0,0
BRDA:47,4,1,0
BRDA:52,5,0,0
BRDA:52,5,1,0
BRDA:61,6,0,0
BRDA:61,6,1,0
BRDA:61,7,0,0
BRDA:61,7,1,0
BRDA:69,8,0,0
BRDA:69,8,1,0
BRDA:71,9,0,0
BRDA:71,9,1,0
BRDA:97,10,0,0
BRDA:97,10,1,0
BRDA:102,11,0,0
BRDA:102,11,1,0
BRDA:111,12,0,0
BRDA:111,12,1,0
BRDA:112,13,0,0
BRDA:112,13,1,0
BRDA:112,14,0,0
BRDA:112,14,1,0
BRDA:121,15,0,0
BRDA:121,15,1,0
BRDA:123,16,0,0
BRDA:123,16,1,0
BRDA:130,17,0,0
BRDA:130,17,1,0
BRDA:140,18,0,0
BRDA:140,18,1,0
BRDA:140,19,0,0
BRDA:140,19,1,0
BRDA:140,19,2,0
BRDA:152,20,0,0
BRDA:152,20,1,0
BRDA:154,21,0,0
BRDA:154,21,1,0
BRDA:162,22,0,0
BRDA:162,22,1,0
BRDA:164,23,0,0
BRDA:164,23,1,0
BRDA:176,24,0,0
BRDA:176,24,1,0
BRDA:181,25,0,0
BRDA:181,25,1,0
BRF:53
BRH:0
end_of_record
TN:
SF:app/api/onboarding/dns/entri/session/route.ts
FN:25,POST
FN:71,GET
FNF:2
FNH:0
FNDA:0,POST
FNDA:0,GET
DA:8,0
DA:9,0
DA:10,0
DA:13,0
DA:25,0
DA:26,0
DA:27,0
DA:28,0
DA:29,0
DA:32,0
DA:33,0
DA:39,0
DA:40,0
DA:42,0
DA:43,0
DA:50,0
DA:52,0
DA:57,0
DA:58,0
DA:71,0
DA:72,0
DA:73,0
DA:74,0
DA:75,0
DA:78,0
DA:79,0
DA:82,0
DA:83,0
DA:85,0
DA:86,0
DA:89,0
DA:91,0
DA:93,0
DA:94,0
LF:34
LH:0
BRDA:14,0,0,0
BRDA:14,0,1,0
BRDA:14,1,0,0
BRDA:14,1,1,0
BRDA:28,2,0,0
BRDA:28,2,1,0
BRDA:32,3,0,0
BRDA:32,3,1,0
BRDA:42,4,0,0
BRDA:42,4,1,0
BRDA:42,5,0,0
BRDA:42,5,1,0
BRDA:42,5,2,0
BRDA:61,6,0,0
BRDA:61,6,1,0
BRDA:74,7,0,0
BRDA:74,7,1,0
BRDA:78,8,0,0
BRDA:78,8,1,0
BRDA:85,9,0,0
BRDA:85,9,1,0
BRF:21
BRH:0
end_of_record
TN:
SF:app/api/onboarding/dns/entri/verify/route.ts
FN:23,POST
FNF:1
FNH:0
FNDA:0,POST
DA:9,0
DA:10,0
DA:11,0
DA:14,0
DA:23,0
DA:24,0
DA:25,0
DA:26,0
DA:27,0
DA:30,0
DA:31,0
DA:37,0
DA:38,0
DA:40,0
DA:41,0
DA:48,0
DA:50,0
DA:52,0
DA:53,0
LF:19
LH:0
BRDA:15,0,0,0
BRDA:15,0,1,0
BRDA:15,1,0,0
BRDA:15,1,1,0
BRDA:26,2,0,0
BRDA:26,2,1,0
BRDA:30,3,0,0
BRDA:30,3,1,0
BRDA:40,4,0,0
BRDA:40,4,1,0
BRF:10
BRH:0
end_of_record
TN:
SF:app/api/onboarding/dns/generate/route.ts
FN:13,POST
FNF:1
FNH:0
FNDA:0,POST
DA:9,0
DA:10,0
DA:11,0
DA:13,0
DA:14,0
DA:15,0
DA:16,0
DA:17,0
DA:20,0
DA:21,0
DA:23,0
DA:24,0
DA:30,0
DA:31,0
DA:38,0
DA:39,0
DA:41,0
DA:42,0
DA:49,0
DA:57,0
DA:62,0
DA:63,0
LF:22
LH:0
BRDA:16,0,0,0
BRDA:16,0,1,0
BRDA:23,1,0,0
BRDA:23,1,1,0
BRDA:23,2,0,0
BRDA:23,2,1,0
BRDA:30,3,0,0
BRDA:30,3,1,0
BRDA:30,4,0,0
BRDA:30,4,1,0
BRDA:41,5,0,0
BRDA:41,5,1,0
BRDA:43,6,0,0
BRDA:43,6,1,0
BRF:14
BRH:0
end_of_record
TN:
SF:app/api/onboarding/dns/verify/route.ts
FN:13,POST
FNF:1
FNH:0
FNDA:0,POST
DA:9,0
DA:10,0
DA:11,0
DA:13,0
DA:14,0
DA:15,0
DA:16,0
DA:17,0
DA:20,0
DA:21,0
DA:23,0
DA:24,0
DA:31,0
DA:32,0
DA:34,0
DA:36,0
DA:37,0
LF:17
LH:0
BRDA:16,0,0,0
BRDA:16,0,1,0
BRDA:23,1,0,0
BRDA:23,1,1,0
BRDA:23,2,0,0
BRDA:23,2,1,0
BRF:6
BRH:0
end_of_record
TN:
SF:app/api/onboarding/infrastructure/route.ts
FN:16,getConfigService
FN:28,GET
FN:79,POST
FNF:3
FNH:0
FNDA:0,getConfigService
FNDA:0,GET
FNDA:0,POST
DA:8,0
DA:9,0
DA:10,0
DA:11,0
DA:14,0
DA:17,0
DA:18,0
DA:22,0
DA:28,0
DA:29,0
DA:30,0
DA:31,0
DA:32,0
DA:35,0
DA:36,0
DA:38,0
DA:39,0
DA:42,0
DA:43,0
DA:44,0
DA:46,0
DA:48,0
DA:49,0
DA:56,0
DA:63,0
DA:64,0
DA:71,0
DA:72,0
DA:79,0
DA:80,0
DA:81,0
DA:82,0
DA:83,0
DA:86,0
DA:87,0
DA:89,0
DA:90,0
DA:96,0
DA:97,0
DA:100,0
DA:101,0
DA:102,0
DA:108,0
DA:110,0
DA:112,0
DA:114,0
DA:117,0
DA:120,0
DA:121,0
DA:124,0
DA:125,0
LF:51
LH:0
BRDA:17,0,0,0
BRDA:17,0,1,0
BRDA:31,1,0,0
BRDA:31,1,1,0
BRDA:38,2,0,0
BRDA:38,2,1,0
BRDA:46,3,0,0
BRDA:46,3,1,0
BRDA:57,4,0,0
BRDA:57,4,1,0
BRDA:58,5,0,0
BRDA:58,5,1,0
BRDA:82,6,0,0
BRDA:82,6,1,0
BRDA:89,7,0,0
BRDA:89,7,1,0
BRDA:89,8,0,0
BRDA:89,8,1,0
BRDA:89,8,2,0
BRDA:101,9,0,0
BRDA:101,9,1,0
BRDA:110,10,0,0
BRDA:110,10,1,0
BRF:23
BRH:0
end_of_record
TN:
SF:app/api/onboarding/progress/route.ts
FN:16,getProgressService
FN:28,GET
FN:82,POST
FNF:3
FNH:0
FNDA:0,getProgressService
FNDA:0,GET
FNDA:0,POST
DA:8,0
DA:9,0
DA:10,0
DA:11,0
DA:14,0
DA:17,0
DA:18,0
DA:22,0
DA:28,0
DA:29,0
DA:30,0
DA:31,0
DA:32,0
DA:35,0
DA:36,0
DA:38,0
DA:39,0
DA:42,0
DA:43,0
DA:44,0
DA:46,0
DA:48,0
DA:49,0
DA:57,0
DA:65,0
DA:66,0
DA:74,0
DA:75,0
DA:82,0
DA:83,0
DA:84,0
DA:85,0
DA:86,0
DA:89,0
DA:90,0
DA:92,0
DA:93,0
DA:99,0
DA:100,0
DA:101,0
DA:103,0
DA:105,0
DA:107,0
DA:108,0
DA:111,0
DA:117,0
DA:123,0
DA:124,0
DA:125,0
DA:128,0
DA:134,0
DA:135,0
LF:52
LH:0
BRDA:17,0,0,0
BRDA:17,0,1,0
BRDA:31,1,0,0
BRDA:31,1,1,0
BRDA:38,2,0,0
BRDA:38,2,1,0
BRDA:46,3,0,0
BRDA:46,3,1,0
BRDA:58,4,0,0
BRDA:58,4,1,0
BRDA:59,5,0,0
BRDA:59,5,1,0
BRDA:85,6,0,0
BRDA:85,6,1,0
BRDA:92,7,0,0
BRDA:92,7,1,0
BRDA:92,8,0,0
BRDA:92,8,1,0
BRDA:103,9,0,0
BRDA:103,9,1,0
BRDA:108,10,0,0
BRDA:108,10,1,0
BRDA:125,11,0,0
BRDA:125,11,1,0
BRF:24
BRH:0
end_of_record
TN:
SF:app/api/onboarding/relevance-tool-download/route.ts
FN:13,GET
FNF:1
FNH:0
FNDA:0,GET
DA:8,0
DA:9,0
DA:10,0
DA:11,0
DA:13,0
DA:14,0
DA:15,0
DA:16,0
DA:17,0
DA:21,0
DA:24,0
DA:25,0
DA:29,0
DA:32,0
DA:35,0
DA:49,0
DA:57,0
DA:59,0
DA:60,0
LF:19
LH:0
BRDA:16,0,0,0
BRDA:16,0,1,0
BRDA:24,1,0,0
BRDA:24,1,1,0
BRF:4
BRH:0
end_of_record
TN:
SF:app/api/onboarding/tracking/setup/route.ts
FN:13,POST
FNF:1
FNH:0
FNDA:0,POST
DA:9,0
DA:10,0
DA:11,0
DA:13,0
DA:14,0
DA:15,0
DA:16,0
DA:17,0
DA:20,0
DA:21,0
DA:23,0
DA:24,0
DA:31,0
DA:32,0
DA:38,0
DA:43,0
DA:44,0
LF:17
LH:0
BRDA:16,0,0,0
BRDA:16,0,1,0
BRDA:23,1,0,0
BRDA:23,1,1,0
BRDA:23,2,0,0
BRDA:23,2,1,0
BRDA:35,3,0,0
BRDA:35,3,1,0
BRDA:45,4,0,0
BRDA:45,4,1,0
BRF:10
BRH:0
end_of_record
TN:
SF:app/api/onboarding/tracking/verify/route.ts
FN:13,POST
FNF:1
FNH:0
FNDA:0,POST
DA:9,0
DA:10,0
DA:11,0
DA:13,0
DA:14,0
DA:15,0
DA:16,0
DA:17,0
DA:20,0
DA:21,0
DA:23,0
DA:24,0
DA:31,0
DA:32,0
DA:34,0
DA:36,0
DA:37,0
LF:17
LH:0
BRDA:16,0,0,0
BRDA:16,0,1,0
BRDA:23,1,0,0
BRDA:23,1,1,0
BRDA:23,2,0,0
BRDA:23,2,1,0
BRF:6
BRH:0
end_of_record
TN:
SF:app/api/onboarding/validate-calendly/route.ts
FN:13,POST
FNF:1
FNH:0
FNDA:0,POST
DA:10,0
DA:11,0
DA:13,0
DA:14,0
DA:15,0
DA:16,0
DA:18,0
DA:19,0
DA:26,0
DA:27,0
DA:31,0
DA:33,0
DA:34,0
LF:13
LH:0
BRDA:18,0,0,0
BRDA:18,0,1,0
BRDA:18,1,0,0
BRDA:18,1,1,0
BRF:4
BRH:0
end_of_record
TN:
SF:app/api/onboarding/validate-credential/route.ts
FN:16,POST
FNF:1
FNH:0
FNDA:0,POST
DA:7,0
DA:8,0
DA:9,0
DA:11,0
DA:16,0
DA:17,0
DA:18,0
DA:19,0
DA:20,0
DA:23,0
DA:24,0
DA:26,0
DA:27,0
DA:31,0
DA:33,0
DA:38,0
DA:39,0
LF:17
LH:0
BRDA:19,0,0,0
BRDA:19,0,1,0
BRDA:26,1,0,0
BRDA:26,1,1,0
BRDA:31,2,0,0
BRDA:31,2,1,0
BRF:6
BRH:0
end_of_record
TN:
SF:app/api/research/log/route.ts
FN:29,calculateQualityScore
FN:42,POST
FN:123,GET
FNF:3
FNH:0
FNDA:0,calculateQualityScore
FNDA:0,POST
FNDA:0,GET
DA:1,0
DA:2,0
DA:5,0
DA:31,0
DA:34,0
DA:37,0
DA:39,0
DA:42,0
DA:43,0
DA:45,0
DA:46,0
DA:48,0
DA:49,0
DA:55,0
DA:56,0
DA:62,0
DA:65,0
DA:66,0
DA:72,0
DA:73,0
DA:79,0
DA:96,0
DA:97,0
DA:98,0
DA:104,0
DA:111,0
DA:112,0
DA:123,0
DA:124,0
DA:125,0
DA:126,0
DA:129,0
DA:130,0
DA:131,0
DA:132,0
DA:134,0
DA:141,0
DA:142,0
DA:145,0
DA:147,0
DA:148,0
DA:149,0
DA:152,0
DA:155,0
DA:156,0
LF:45
LH:0
BRDA:34,0,0,0
BRDA:34,0,1,0
BRDA:34,1,0,0
BRDA:34,1,1,0
BRDA:48,2,0,0
BRDA:48,2,1,0
BRDA:48,3,0,0
BRDA:48,3,1,0
BRDA:55,4,0,0
BRDA:55,4,1,0
BRDA:65,5,0,0
BRDA:65,5,1,0
BRDA:65,6,0,0
BRDA:65,6,1,0
BRDA:65,6,2,0
BRDA:72,7,0,0
BRDA:72,7,1,0
BRDA:74,8,0,0
BRDA:74,8,1,0
BRDA:75,9,0,0
BRDA:75,9,1,0
BRDA:84,10,0,0
BRDA:84,10,1,0
BRDA:86,11,0,0
BRDA:86,11,1,0
BRDA:89,12,0,0
BRDA:89,12,1,0
BRDA:90,13,0,0
BRDA:90,13,1,0
BRDA:91,14,0,0
BRDA:91,14,1,0
BRDA:96,15,0,0
BRDA:96,15,1,0
BRDA:125,16,0,0
BRDA:125,16,1,0
BRDA:131,17,0,0
BRDA:131,17,1,0
BRDA:132,18,0,0
BRDA:132,18,1,0
BRDA:141,19,0,0
BRDA:141,19,1,0
BRDA:147,20,0,0
BRDA:147,20,1,0
BRF:43
BRH:0
end_of_record
TN:
SF:app/api/sandbox/execution-stream/[executionId]/route.ts
FN:20,GET
FN:70,(anonymous_1)
FN:71,(anonymous_2)
FN:129,(anonymous_3)
FNF:4
FNH:0
FNDA:0,GET
FNDA:0,(anonymous_1)
FNDA:0,(anonymous_2)
FNDA:0,(anonymous_3)
DA:9,0
DA:10,0
DA:11,0
DA:13,0
DA:20,0
DA:24,0
DA:25,0
DA:26,0
DA:29,0
DA:30,0
DA:33,0
DA:34,0
DA:37,0
DA:40,0
DA:47,0
DA:48,0
DA:52,0
DA:59,0
DA:60,0
DA:64,0
DA:65,0
DA:66,0
DA:67,0
DA:69,0
DA:71,0
DA:72,0
DA:73,0
DA:74,0
DA:75,0
DA:76,0
DA:77,0
DA:78,0
DA:82,0
DA:89,0
DA:90,0
DA:91,0
DA:94,0
DA:99,0
DA:106,0
DA:107,0
DA:110,0
DA:111,0
DA:115,0
DA:116,0
DA:122,0
DA:123,0
DA:129,0
DA:130,0
DA:131,0
DA:136,0
LF:50
LH:0
BRDA:25,0,0,0
BRDA:25,0,1,0
BRDA:29,1,0,0
BRDA:29,1,1,0
BRDA:33,2,0,0
BRDA:33,2,1,0
BRDA:47,3,0,0
BRDA:47,3,1,0
BRDA:59,4,0,0
BRDA:59,4,1,0
BRDA:74,5,0,0
BRDA:74,5,1,0
BRDA:89,6,0,0
BRDA:89,6,1,0
BRDA:89,7,0,0
BRDA:89,7,1,0
BRDA:106,8,0,0
BRDA:106,8,1,0
BRDA:115,9,0,0
BRDA:115,9,1,0
BRF:20
BRH:0
end_of_record
TN:
SF:app/api/sandbox/execution/[executionId]/route.ts
FN:20,createDB
FN:24,(anonymous_1)
FN:26,(anonymous_2)
FN:39,(anonymous_3)
FN:49,(anonymous_4)
FN:59,(anonymous_5)
FN:68,(anonymous_6)
FN:69,(anonymous_7)
FN:70,(anonymous_8)
FN:71,(anonymous_9)
FN:75,GET
FNF:11
FNH:0
FNDA:0,createDB
FNDA:0,(anonymous_1)
FNDA:0,(anonymous_2)
FNDA:0,(anonymous_3)
FNDA:0,(anonymous_4)
FNDA:0,(anonymous_5)
FNDA:0,(anonymous_6)
FNDA:0,(anonymous_7)
FNDA:0,(anonymous_8)
FNDA:0,(anonymous_9)
FNDA:0,GET
DA:8,0
DA:9,0
DA:10,0
DA:11,0
DA:12,0
DA:15,0
DA:21,0
DA:23,0
DA:24,0
DA:27,0
DA:31,0
DA:32,0
DA:34,0
DA:35,0
DA:36,0
DA:40,0
DA:46,0
DA:50,0
DA:56,0
DA:60,0
DA:65,0
DA:68,0
DA:69,0
DA:70,0
DA:71,0
DA:75,0
DA:79,0
DA:80,0
DA:81,0
DA:82,0
DA:88,0
DA:89,0
DA:95,0
DA:96,0
DA:97,0
DA:103,0
DA:106,0
DA:107,0
DA:108,0
DA:114,0
DA:121,0
DA:122,0
DA:128,0
DA:129,0
DA:131,0
DA:137,0
DA:138,0
LF:47
LH:0
BRDA:21,0,0,0
BRDA:21,0,1,0
BRDA:31,1,0,0
BRDA:31,1,1,0
BRDA:56,2,0,0
BRDA:56,2,1,0
BRDA:81,3,0,0
BRDA:81,3,1,0
BRDA:88,4,0,0
BRDA:88,4,1,0
BRDA:96,5,0,0
BRDA:96,5,1,0
BRDA:107,6,0,0
BRDA:107,6,1,0
BRDA:121,7,0,0
[...]
FN:90,generateWebhookHeaders
FN:131,verifyWebhookSignature
FN:207,extractWebhookHeaders
FN:279,verifyWebhookRequest
FN:321,isTimestampValid
FN:344,getVerificationErrorMessage
FNF:7
FNH:0
FNDA:0,generateWebhookSignature
FNDA:0,generateWebhookHeaders
FNDA:0,verifyWebhookSignature
FNDA:0,extractWebhookHeaders
FNDA:0,verifyWebhookRequest
FNDA:0,isTimestampValid
FNDA:0,getVerificationErrorMessage
DA:10,0
DA:25,0
DA:30,0
DA:53,0
DA:58,0
DA:59,0
DA:61,0
DA:62,0
DA:64,0
DA:90,0
DA:96,0
DA:97,0
DA:99,0
DA:131,0
DA:138,0
DA:139,0
DA:140,0
DA:147,0
DA:148,0
DA:150,0
DA:151,0
DA:158,0
DA:159,0
DA:166,0
DA:169,0
DA:171,0
DA:175,0
DA:176,0
DA:179,0
DA:181,0
DA:186,0
DA:207,0
DA:214,0
DA:215,0
DA:216,0
DA:217,0
DA:218,0
DA:219,0
DA:224,0
DA:225,0
DA:226,0
DA:229,0
DA:230,0
DA:233,0
DA:234,0
DA:237,0
DA:238,0
DA:241,0
DA:279,0
DA:288,0
DA:289,0
DA:290,0
DA:293,0
DA:296,0
DA:297,0
DA:298,0
DA:302,0
DA:321,0
DA:322,0
DA:323,0
DA:326,0
DA:327,0
DA:331,0
DA:332,0
DA:335,0
DA:344,0
DA:345,0
DA:356,0
LF:68
LH:0
BRDA:58,0,0,0
BRDA:58,0,1,0
BRDA:96,1,0,0
BRDA:96,1,1,0
BRDA:139,2,0,0
BRDA:139,2,1,0
BRDA:150,3,0,0
BRDA:150,3,1,0
BRDA:158,4,0,0
BRDA:158,4,1,0
BRDA:169,5,0,0
BRDA:169,5,1,0
BRDA:169,6,0,0
BRDA:169,6,1,0
BRDA:175,7,0,0
BRDA:175,7,1,0
BRDA:179,8,0,0
BRDA:179,8,1,0
BRDA:179,9,0,0
BRDA:179,9,1,0
BRDA:216,10,0,0
BRDA:216,10,1,0
BRDA:218,11,0,0
BRDA:218,11,1,0
BRDA:218,12,0,0
BRDA:218,12,1,0
BRDA:229,13,0,0
BRDA:229,13,1,0
BRDA:233,14,0,0
BRDA:233,14,1,0
BRDA:237,15,0,0
BRDA:237,15,1,0
BRDA:289,16,0,0
BRDA:289,16,1,0
BRDA:297,17,0,0
BRDA:297,17,1,0
BRDA:321,18,0,0
BRDA:326,19,0,0
BRDA:326,19,1,0
BRDA:331,20,0,0
BRDA:331,20,1,0
BRDA:356,21,0,0
BRDA:356,21,1,0
BRF:43
BRH:0
end_of_record
TN:
SF:lib/genesis/phase70/disaster-recovery-controller.ts
FN:21,(anonymous_0)
FN:32,(anonymous_1)
FN:45,(anonymous_2)
FN:49,(anonymous_3)
FN:67,(anonymous_4)
FN:77,(anonymous_5)
FN:88,(anonymous_6)
FN:95,(anonymous_7)
FN:102,(anonymous_8)
FN:113,(anonymous_9)
FN:119,(anonymous_10)
FN:136,(anonymous_11)
FN:148,(anonymous_12)
FN:172,(anonymous_13)
FN:176,(anonymous_14)
FN:180,(anonymous_15)
FNF:16
FNH:15
FNDA:0,(anonymous_0)
FNDA:13,(anonymous_1)
FNDA:3,(anonymous_2)
FNDA:30,(anonymous_3)
FNDA:1,(anonymous_4)
FNDA:1,(anonymous_5)
FNDA:1,(anonymous_6)
FNDA:1,(anonymous_7)
FNDA:1,(anonymous_8)
FNDA:3,(anonymous_9)
FNDA:30,(anonymous_10)
FNDA:1,(anonymous_11)
FNDA:2,(anonymous_12)
FNDA:1,(anonymous_13)
FNDA:2,(anonymous_14)
FNDA:1,(anonymous_15)
DA:16,6
DA:17,6
DA:18,6
DA:20,6
DA:21,0
DA:22,0
DA:23,0
DA:27,6
DA:32,13
DA:33,13
DA:34,13
DA:35,13
DA:48,3
DA:49,30
DA:52,3
DA:55,3
DA:57,3
DA:71,1
DA:78,1
DA:89,1
DA:96,1
DA:103,1
DA:118,3
DA:119,30
DA:122,3
DA:125,3
DA:137,1
DA:153,2
DA:155,2
DA:156,1
DA:160,1
DA:165,1
DA:173,1
DA:177,2
DA:181,1
LF:35
LH:32
BRDA:69,0,0,0
BRDA:155,1,0,1
BRDA:155,1,1,1
BRF:3
BRH:2
end_of_record
TN:
SF:lib/genesis/phase70/failover-detector.ts
FN:21,(anonymous_0)
FN:31,(anonymous_1)
FN:37,(anonymous_2)
FN:43,(anonymous_3)
FN:47,(anonymous_4)
FN:55,(anonymous_5)
FN:61,(anonymous_6)
FN:68,(anonymous_7)
FN:89,(anonymous_8)
FN:99,(anonymous_9)
FN:113,(anonymous_10)
FN:134,(anonymous_11)
FN:158,(anonymous_12)
FN:166,(anonymous_13)
FN:192,(anonymous_14)
FN:198,(anonymous_15)
FNF:16
FNH:15
FNDA:0,(anonymous_0)
FNDA:25,(anonymous_1)
FNDA:7,(anonymous_2)
FNDA:40,(anonymous_3)
FNDA:1,(anonymous_4)
FNDA:22,(anonymous_5)
FNDA:19,(anonymous_6)
FNDA:6,(anonymous_7)
FNDA:17,(anonymous_8)
FNDA:4,(anonymous_9)
FNDA:2,(anonymous_10)
FNDA:2,(anonymous_11)
FNDA:4,(anonymous_12)
FNDA:2,(anonymous_13)
FNDA:2,(anonymous_14)
FNDA:1,(anonymous_15)
DA:8,6
DA:20,6
DA:21,0
DA:22,0
DA:23,0
DA:27,6
DA:28,25
DA:29,25
DA:31,25
DA:38,7
DA:39,7
DA:40,7
DA:44,40
DA:48,1
DA:56,22
DA:57,22
DA:58,22
DA:66,19
DA:67,19
DA:68,19
DA:70,19
DA:71,13
DA:75,6
DA:76,0
DA:79,6
DA:80,6
DA:82,6
DA:94,17
DA:95,17
DA:97,17
DA:98,4
DA:99,4
DA:101,4
DA:102,3
DA:110,14
DA:114,2
DA:115,2
DA:117,2
DA:125,2
DA:127,2
DA:142,2
DA:148,2
DA:150,2
DA:151,10
DA:152,10
DA:155,2
DA:159,4
DA:161,4
DA:162,2
DA:165,2
DA:166,2
DA:168,2
DA:169,0
DA:172,2
DA:173,2
DA:175,2
DA:183,2
DA:185,2
DA:193,2
DA:194,2
DA:195,2
DA:199,1
LF:62
LH:57
BRDA:38,0,0,7
BRDA:38,0,1,7
BRDA:44,1,0,40
BRDA:44,1,1,27
BRDA:70,2,0,13
BRDA:70,2,1,6
BRDA:70,3,0,19
BRDA:70,3,1,6
BRDA:75,4,0,0
BRDA:75,4,1,6
BRDA:97,5,0,4
BRDA:97,5,1,13
BRDA:99,6,0,4
BRDA:99,6,1,4
BRDA:101,7,0,3
BRDA:101,7,1,1
BRDA:161,8,0,2
BRDA:161,8,1,2
BRDA:161,9,0,4
BRDA:161,9,1,2
BRDA:166,10,0,2
BRDA:166,10,1,2
BRDA:168,11,0,0
BRDA:168,11,1,2
BRDA:194,12,0,0
BRDA:194,12,1,2
BRF:26
BRH:23
end_of_record
TN:
SF:lib/genesis/phase70/index.ts
FN:38,(anonymous_0)
FN:39,(anonymous_1)
FN:40,(anonymous_2)
FN:41,(anonymous_3)
FN:42,(anonymous_4)
FN:43,(anonymous_5)
FN:44,(anonymous_6)
FN:45,(anonymous_7)
FN:46,(anonymous_8)
FN:47,(anonymous_9)
FN:48,(anonymous_10)
FN:49,(anonymous_11)
FN:50,(anonymous_12)
FN:55,(anonymous_13)
FN:56,(anonymous_14)
FN:60,(anonymous_15)
FN:61,(anonymous_16)
FN:65,(anonymous_17)
FN:66,(anonymous_18)
FN:70,(anonymous_19)
FN:71,(anonymous_20)
FN:76,(anonymous_21)
FNF:22
FNH:17
FNDA:1,(anonymous_0)
FNDA:2,(anonymous_1)
FNDA:4,(anonymous_2)
FNDA:1,(anonymous_3)
FNDA:0,(anonymous_4)
FNDA:3,(anonymous_5)
FNDA:4,(anonymous_6)
FNDA:2,(anonymous_7)
FNDA:2,(anonymous_8)
FNDA:3,(anonymous_9)
FNDA:101,(anonymous_10)
FNDA:101,(anonymous_11)
FNDA:101,(anonymous_12)
FNDA:12,(anonymous_13)
FNDA:0,(anonymous_14)
FNDA:12,(anonymous_15)
FNDA:0,(anonymous_16)
FNDA:8,(anonymous_17)
FNDA:0,(anonymous_18)
FNDA:13,(anonymous_19)
FNDA:0,(anonymous_20)
FNDA:60,(anonymous_21)
DA:37,6
DA:38,7
DA:39,8
DA:40,10
DA:41,7
DA:42,6
DA:43,9
DA:44,10
DA:45,8
DA:46,8
DA:47,9
DA:48,107
DA:49,107
DA:50,107
DA:54,6
DA:55,18
DA:56,6
DA:59,6
DA:60,18
DA:61,6
DA:64,6
DA:65,14
DA:66,6
DA:69,6
DA:70,19
DA:71,6
DA:75,6
DA:76,66
LF:28
LH:28
BRF:0
BRH:0
end_of_record
TN:
SF:lib/genesis/phase70/mock-do-environment.ts
FN:20,(anonymous_0)
FN:33,(anonymous_1)
FN:40,(anonymous_2)
FN:43,(anonymous_3)
FN:44,(anonymous_4)
FN:51,(anonymous_5)
FN:83,(anonymous_6)
FN:93,(anonymous_7)
FN:98,(anonymous_8)
FN:101,(anonymous_9)
FN:108,(anonymous_10)
FN:126,(anonymous_11)
FN:135,(anonymous_12)
FN:159,(anonymous_13)
FN:168,(anonymous_14)
FN:170,(anonymous_15)
FN:177,(anonymous_16)
FN:181,(anonymous_17)
FN:185,(anonymous_18)
FN:189,(anonymous_19)
FN:193,(anonymous_20)
FN:201,(anonymous_21)
FN:205,(anonymous_22)
FN:209,(anonymous_23)
FN:213,(anonymous_24)
FNF:25
FNH:23
FNDA:60,(anonymous_0)
FNDA:61,(anonymous_1)
FNDA:37,(anonymous_2)
FNDA:2017,(anonymous_3)
FNDA:1374,(anonymous_4)
FNDA:47,(anonymous_5)
FNDA:34,(anonymous_6)
FNDA:3,(anonymous_7)
FNDA:10,(anonymous_8)
FNDA:24,(anonymous_9)
FNDA:15,(anonymous_10)
FNDA:0,(anonymous_11)
FNDA:24,(anonymous_12)
FNDA:8,(anonymous_13)
FNDA:3,(anonymous_14)
FNDA:2,(anonymous_15)
FNDA:1428,(anonymous_16)
FNDA:20,(anonymous_17)
FNDA:7,(anonymous_18)
FNDA:1,(anonymous_19)
FNDA:1,(anonymous_20)
FNDA:5,(anonymous_21)
FNDA:1,(anonymous_22)
FNDA:0,(anonymous_23)
FNDA:1,(anonymous_24)
DA:8,6
DA:20,6
DA:21,60
DA:22,60
DA:23,60
DA:24,60
DA:27,60
DA:34,61
DA:35,61
DA:36,61
DA:37,59
DA:41,37
DA:42,37
DA:43,2017
DA:44,1374
DA:52,47
DA:54,47
DA:55,46
DA:57,46
DA:58,46
DA:59,46
DA:60,46
DA:64,46
DA:65,46
DA:67,46
DA:79,46
DA:80,46
DA:84,34
DA:85,34
DA:86,34
DA:88,34
DA:89,34
DA:90,34
DA:94,3
DA:95,3
DA:99,10
DA:100,10
DA:101,24
DA:113,15
DA:115,15
DA:116,15
DA:118,15
DA:119,15
DA:121,15
DA:123,15
DA:127,0
DA:128,0
DA:136,24
DA:138,24
DA:139,24
DA:140,24
DA:141,24
DA:142,24
DA:144,24
DA:160,8
DA:161,8
DA:169,3
DA:170,3
DA:178,1428
DA:182,20
DA:186,7
DA:190,1
DA:194,1
DA:195,1
DA:196,1
DA:197,1
DA:198,1
DA:202,5
DA:206,1
DA:210,0
DA:214,1
LF:71
LH:68
BRDA:36,0,0,2
BRDA:36,0,1,59
BRDA:65,1,0,40
BRDA:65,1,1,6
BRDA:86,2,0,0
BRDA:86,2,1,34
BRDA:101,3,0,9
BRDA:101,3,1,1
BRDA:116,4,0,0
BRDA:116,4,1,15
BRDA:140,5,0,24
BRDA:140,5,1,9
BRDA:141,6,0,24
BRDA:141,6,1,18
BRDA:170,7,0,1
BRDA:170,7,1,2
BRDA:177,8,0,1426
BRF:17
BRH:15
end_of_record
TN:
SF:lib/genesis/phase70/restoration-orchestrator.ts
FN:25,(anonymous_0)
FN:35,(anonymous_1)
FN:41,(anonymous_2)
FN:75,(anonymous_3)
FN:81,(anonymous_4)
FN:82,(anonymous_5)
FN:106,(anonymous_6)
FN:113,(anonymous_7)
FN:132,(anonymous_8)
FN:141,(anonymous_9)
FN:157,(anonymous_10)
FN:168,(anonymous_11)
FN:169,(anonymous_12)
FN:192,(anonymous_13)
FN:240,(anonymous_14)
FN:244,(anonymous_15)
FN:245,(anonymous_16)
FN:247,(anonymous_17)
FN:271,(anonymous_18)
FN:289,(anonymous_19)
FN:301,(anonymous_20)
FN:311,(anonymous_21)
FN:313,(anonymous_22)
FN:314,(anonymous_23)
FN:315,(anonymous_24)
FN:331,(anonymous_25)
FN:332,(anonymous_26)
FN:363,(anonymous_27)
FN:369,(anonymous_28)
FN:370,(anonymous_29)
FN:383,(anonymous_30)
FN:387,(anonymous_31)
FN:391,(anonymous_32)
FNF:33
FNH:30
FNDA:0,(anonymous_0)
FNDA:21,(anonymous_1)
FNDA:11,(anonymous_2)
FNDA:9,(anonymous_3)
FNDA:95,(anonymous_4)
FNDA:0,(anonymous_5)
FNDA:8,(anonymous_6)
FNDA:14,(anonymous_7)
FNDA:5,(anonymous_8)
FNDA:12,(anonymous_9)
FNDA:11,(anonymous_10)
FNDA:4,(anonymous_11)
FNDA:10,(anonymous_12)
FNDA:4,(anonymous_13)
FNDA:2,(anonymous_14)
FNDA:1,(anonymous_15)
FNDA:1,(anonymous_16)
FNDA:1,(anonymous_17)
FNDA:38,(anonymous_18)
FNDA:17,(anonymous_19)
FNDA:16,(anonymous_20)
FNDA:1,(anonymous_21)
FNDA:1,(anonymous_22)
FNDA:1,(anonymous_23)
FNDA:1,(anonymous_24)
FNDA:4,(anonymous_25)
FNDA:10,(anonymous_26)
FNDA:4,(anonymous_27)
FNDA:84,(anonymous_28)
FNDA:0,(anonymous_29)
FNDA:1,(anonymous_30)
FNDA:1,(anonymous_31)
FNDA:1,(anonymous_32)
DA:8,6
DA:24,6
DA:25,0
DA:26,0
DA:27,0
DA:31,6
DA:32,21
DA:33,21
DA:35,21
DA:46,11
DA:47,11
DA:50,11
DA:53,11
DA:54,11
DA:56,11
DA:68,11
DA:76,9
DA:78,9
DA:80,39
DA:81,95
DA:82,0
DA:84,39
DA:86,22
DA:89,17
DA:101,17
DA:102,17
DA:106,9
DA:114,14
DA:116,14
DA:117,14
DA:123,14
DA:124,14
DA:125,14
DA:127,0
DA:128,0
DA:136,5
DA:137,5
DA:139,5
DA:140,5
DA:141,12
DA:144,5
DA:145,12
DA:146,0
DA:150,5
DA:158,11
DA:160,11
DA:161,11
DA:162,11
DA:164,0
DA:169,10
DA:170,4
DA:171,4
DA:173,4
DA:174,10
DA:175,10
DA:176,10
DA:177,10
DA:179,0
DA:180,0
DA:181,0
DA:185,4
DA:198,4
DA:201,4
DA:202,4
DA:204,4
DA:205,0
DA:209,4
DA:212,4
DA:215,4
DA:218,4
DA:219,4
DA:222,4
DA:224,4
DA:241,2
DA:243,1
DA:244,1
DA:245,1
DA:246,1
DA:247,1
DA:250,1
DA:251,1
DA:252,1
DA:253,1
DA:255,1
DA:272,38
DA:273,38
DA:274,38
DA:275,38
DA:276,10
DA:290,17
DA:291,17
DA:292,17
DA:293,17
DA:295,17
DA:296,17
DA:297,17
DA:298,17
DA:302,16
DA:308,16
DA:312,1
DA:313,1
DA:314,1
DA:315,1
DA:317,1
DA:318,1
DA:319,1
DA:320,1
DA:332,10
DA:333,4
DA:334,4
DA:336,4
DA:337,0
DA:338,0
DA:339,0
DA:340,0
DA:341,0
DA:343,0
DA:349,4
DA:350,0
DA:351,0
DA:352,0
DA:356,4
DA:364,4
DA:365,4
DA:367,4
DA:368,32
DA:369,84
DA:370,0
DA:372,32
DA:373,10
DA:374,10
DA:379,4
DA:380,3
DA:384,1
DA:388,1
DA:392,1
DA:393,1
LF:137
LH:115
BRDA:81,0,0,95
BRDA:81,0,1,17
BRDA:84,1,0,22
BRDA:84,1,1,17
BRDA:127,2,0,0
BRDA:127,2,1,0
BRDA:134,3,0,1
BRDA:145,4,0,12
BRDA:145,4,1,0
BRDA:158,5,0,0
BRDA:158,5,1,11
BRDA:175,6,0,10
BRDA:175,6,1,0
BRDA:204,7,0,0
BRDA:204,7,1,4
BRDA:241,8,0,1
BRDA:241,8,1,1
BRDA:247,9,0,1
BRDA:247,9,1,1
BRDA:247,9,2,1
BRDA:251,10,0,0
BRDA:251,10,1,1
BRDA:273,11,0,38
BRDA:273,11,1,0
BRDA:275,12,0,10
BRDA:275,12,1,28
BRDA:275,13,0,38
BRDA:275,13,1,28
BRDA:291,14,0,0
BRDA:291,14,1,17
BRDA:291,15,0,17
BRDA:291,15,1,17
BRDA:292,16,0,0
BRDA:292,16,1,17
BRDA:292,17,0,17
BRDA:292,17,1,17
BRDA:293,18,0,0
BRDA:293,18,1,17
BRDA:295,19,0,0
BRDA:295,19,1,17
BRDA:296,20,0,0
BRDA:296,20,1,17
BRDA:296,21,0,17
BRDA:296,21,1,17
BRDA:296,21,2,17
BRDA:297,22,0,0
BRDA:297,22,1,17
BRDA:315,23,0,1
BRDA:315,23,1,1
BRDA:317,24,0,0
BRDA:317,24,1,1
BRDA:318,25,0,0
BRDA:318,25,1,1
BRDA:319,26,0,0
BRDA:319,26,1,1
BRDA:337,27,0,0
BRDA:337,27,1,0
BRDA:350,28,0,0
BRDA:350,28,1,0
BRDA:369,29,0,84
BRDA:369,29,1,10
BRDA:372,30,0,10
BRDA:372,30,1,22
BRDA:374,31,0,3
BRDA:374,31,1,7
BRDA:379,32,0,1
BRDA:379,32,1,3
BRF:67
BRH:46
end_of_record
TN:
SF:lib/genesis/phase70/snapshot-manager.ts
FN:28,(anonymous_0)
FN:37,(anonymous_1)
FN:46,(anonymous_2)
FN:63,(anonymous_3)
FN:75,(anonymous_4)
FN:80,(anonymous_5)
FN:102,(anonymous_6)
FN:120,(anonymous_7)
FN:130,(anonymous_8)
FN:133,(anonymous_9)
FN:152,(anonymous_10)
FN:167,(anonymous_11)
FN:169,(anonymous_12)
FN:194,(anonymous_13)
FN:233,(anonymous_14)
FN:241,(anonymous_15)
FN:274,(anonymous_16)
FN:289,(anonymous_17)
FN:301,(anonymous_18)
FN:309,(anonymous_19)
FN:315,(anonymous_20)
FN:322,(anonymous_21)
FN:329,(anonymous_22)
FN:341,(anonymous_23)
FN:348,(anonymous_24)
FN:355,(anonymous_25)
FN:359,(anonymous_26)
FN:360,(anonymous_27)
FN:362,(anonymous_28)
FN:363,(anonymous_29)
FN:364,(anonymous_30)
FN:365,(anonymous_31)
FNF:32
FNH:30
FNDA:0,(anonymous_0)
FNDA:25,(anonymous_1)
FNDA:41,(anonymous_2)
FNDA:5,(anonymous_3)
FNDA:34,(anonymous_4)
FNDA:34,(anonymous_5)
FNDA:33,(anonymous_6)
FNDA:4,(anonymous_7)
FNDA:32,(anonymous_8)
FNDA:32,(anonymous_9)
FNDA:3,(anonymous_10)
FNDA:1,(anonymous_11)
FNDA:1,(anonymous_12)
FNDA:4,(anonymous_13)
FNDA:3,(anonymous_14)
FNDA:2,(anonymous_15)
FNDA:1,(anonymous_16)
FNDA:40,(anonymous_17)
FNDA:2,(anonymous_18)
FNDA:0,(anonymous_19)
FNDA:3,(anonymous_20)
FNDA:6,(anonymous_21)
FNDA:3,(anonymous_22)
FNDA:2,(anonymous_23)
FNDA:2,(anonymous_24)
FNDA:12,(anonymous_25)
FNDA:12,(anonymous_26)
FNDA:12,(anonymous_27)
FNDA:12,(anonymous_28)
FNDA:12,(anonymous_29)
FNDA:12,(anonymous_30)
FNDA:12,(anonymous_31)
DA:8,6
DA:27,6
DA:28,0
DA:29,0
DA:30,0
DA:34,6
DA:35,25
DA:37,25
DA:51,41
DA:52,41
DA:55,40
DA:57,40
DA:68,5
DA:69,5
DA:72,5
DA:73,5
DA:74,5
DA:76,34
DA:80,5
DA:81,34
DA:82,33
DA:84,1
DA:92,5
DA:103,33
DA:104,33
DA:106,33
DA:108,33
DA:109,33
DA:110,33
DA:114,33
DA:124,4
DA:125,4
DA:127,4
DA:128,4
DA:129,4
DA:130,32
DA:133,4
DA:134,32
DA:135,32
DA:137,0
DA:142,4
DA:153,3
DA:155,1
DA:156,1
DA:158,1
DA:159,1
DA:161,1
DA:168,1
DA:169,1
DA:171,1
DA:172,1
DA:174,1
DA:175,1
DA:176,1
DA:177,1
DA:178,1
DA:180,0
DA:184,1
DA:195,4
DA:196,4
DA:198,4
DA:199,13
DA:203,13
DA:207,13
DA:208,3
DA:221,4
DA:237,3
DA:238,3
DA:241,3
DA:242,2
DA:244,2
DA:246,0
DA:249,0
DA:250,0
DA:252,0
DA:256,3
DA:257,3
DA:258,3
DA:260,3
DA:261,1
DA:262,1
DA:263,1
DA:264,1
DA:265,1
DA:266,1
DA:268,0
DA:273,2
DA:274,2
DA:277,3
DA:290,40
DA:302,2
DA:303,2
DA:304,0
DA:305,0
DA:310,0
DA:311,0
DA:312,0
DA:316,3
DA:317,0
DA:318,0
DA:319,0
DA:323,6
DA:324,0
DA:325,0
DA:326,0
DA:330,3
DA:331,0
DA:332,0
DA:333,0
DA:335,3
DA:342,2
DA:354,2
DA:355,12
DA:357,2
DA:359,12
DA:360,12
DA:362,12
DA:363,12
DA:364,12
DA:365,12
LF:120
LH:96
BRDA:66,0,0,5
BRDA:81,1,0,33
BRDA:81,1,1,1
BRDA:86,2,0,1
BRDA:86,2,1,0
BRDA:106,3,0,33
BRDA:106,3,1,0
BRDA:109,4,0,33
BRDA:109,4,1,0
BRDA:122,5,0,4
BRDA:134,6,0,32
BRDA:134,6,1,0
BRDA:134,7,0,32
BRDA:134,7,1,32
BRDA:153,8,0,2
BRDA:153,8,1,1
BRDA:156,9,0,0
BRDA:156,9,1,1
BRDA:176,10,0,1
BRDA:176,10,1,0
BRDA:203,11,0,13
BRDA:203,11,1,10
BRDA:203,11,2,10
BRDA:203,11,3,0
BRDA:207,12,0,3
BRDA:207,12,1,10
BRDA:235,13,0,0
BRDA:242,14,0,2
BRDA:242,14,1,0
BRDA:242,14,2,0
BRDA:242,14,3,0
BRDA:249,15,0,0
BRDA:249,15,1,0
BRDA:260,16,0,1
BRDA:260,16,1,2
BRDA:263,17,0,1
BRDA:263,17,1,0
BRDA:303,18,0,0
BRDA:303,18,1,2
BRDA:305,19,0,0
BRDA:305,19,1,0
BRDA:310,20,0,0
BRDA:310,20,1,0
BRDA:316,21,0,3
BRDA:316,21,1,0
BRDA:317,22,0,0
BRDA:317,22,1,0
BRDA:318,23,0,0
BRDA:318,23,1,0
BRDA:323,24,0,6
BRDA:323,24,1,0
BRDA:324,25,0,0
BRDA:324,25,1,0
BRDA:325,26,0,0
BRDA:325,26,1,0
BRDA:330,27,0,0
BRDA:330,27,1,3
BRF:57
BRH:27
end_of_record
TN:
SF:lib/genesis/phase70/types.ts
FN:66,getBackupRegion
FN:67,(anonymous_1)
FN:317,calculateSnapshotCost
FN:321,isSnapshotExpired
FN:325,generateSnapshotName
FN:330,generateTaskId
FN:334,generatePlanId
FN:338,generateEventId
FNF:8
FNH:8
FNDA:52,getBackupRegion
FNDA:59,(anonymous_1)
FNDA:17,calculateSnapshotCost
FNDA:5,isSnapshotExpired
FNDA:44,generateSnapshotName
FNDA:118,generateTaskId
FNDA:112,generatePlanId
FNDA:113,generateEventId
DA:30,6
DA:58,6
DA:66,6
DA:67,59
DA:68,52
DA:69,51
DA:93,6
DA:208,6
DA:246,6
DA:305,6
DA:317,6
DA:318,17
DA:321,6
DA:322,5
DA:325,6
DA:326,44
DA:327,44
DA:330,6
DA:331,118
DA:334,6
DA:335,112
DA:338,6
DA:339,113
LF:23
LH:23
BRDA:68,0,0,1
BRDA:68,0,1,51
BRF:2
BRH:2
end_of_record
TN:
SF:lib/hooks/use-campaign-pulse.ts
FN:20,useCampaignPulse
FN:27,(anonymous_1)
FN:40,(anonymous_2)
FN:49,(anonymous_3)
FN:51,(anonymous_4)
FN:55,(anonymous_5)
FNF:6
FNH:0
FNDA:0,useCampaignPulse
FNDA:0,(anonymous_1)
FNDA:0,(anonymous_2)
FNDA:0,(anonymous_3)
FNDA:0,(anonymous_4)
FNDA:0,(anonymous_5)
DA:10,0
DA:11,0
DA:20,0
DA:21,0
DA:27,0
DA:28,0
DA:30,0
DA:41,0
DA:42,0
DA:50,0
DA:51,0
DA:55,0
DA:56,0
DA:57,0
DA:62,0
LF:15
LH:0
BRDA:28,0,0,0
BRDA:28,0,1,0
BRDA:28,1,0,0
BRDA:28,1,1,0
BRDA:43,2,0,0
BRDA:43,2,1,0
BRDA:44,3,0,0
BRDA:44,3,1,0
BRDA:50,4,0,0
BRDA:50,4,1,0
BRDA:56,5,0,0
BRDA:56,5,1,0
BRF:12
BRH:0
end_of_record
TN:
SF:lib/hooks/use-connection-health.ts
FN:17,useConnectionHealth
FN:25,(anonymous_1)
FN:36,(anonymous_2)
FN:45,(anonymous_3)
FN:50,(anonymous_4)
FN:68,(anonymous_5)
FN:71,(anonymous_6)
FNF:7
FNH:0
FNDA:0,useConnectionHealth
FNDA:0,(anonymous_1)
FNDA:0,(anonymous_2)
FNDA:0,(anonymous_3)
FNDA:0,(anonymous_4)
FNDA:0,(anonymous_5)
FNDA:0,(anonymous_6)
DA:10,0
DA:11,0
DA:12,0
DA:15,0
DA:17,0
DA:18,0
DA:19,0
DA:25,0
DA:26,0
DA:28,0
DA:29,0
DA:30,0
DA:32,0
DA:36,0
DA:37,0
DA:38,0
DA:39,0
DA:41,0
DA:45,0
DA:46,0
DA:47,0
DA:50,0
DA:51,0
DA:57,0
DA:60,0
DA:61,0
DA:63,0
DA:64,0
DA:68,0
DA:69,0
DA:70,0
DA:71,0
DA:74,0
LF:33
LH:0
BRDA:26,0,0,0
BRDA:26,0,1,0
BRDA:30,1,0,0
BRDA:30,1,1,0
BRDA:39,2,0,0
BRDA:39,2,1,0
BRDA:46,3,0,0
BRDA:46,3,1,0
BRDA:47,4,0,0
BRDA:47,4,1,0
BRDA:60,5,0,0
BRDA:60,5,1,0
BRDA:63,6,0,0
BRDA:63,6,1,0
BRF:14
BRH:0
end_of_record
TN:
SF:lib/hooks/use-keyboard-shortcuts.ts
FN:27,useKeyboardShortcuts
FN:36,(anonymous_1)
FN:43,(anonymous_2)
FN:50,(anonymous_3)
FN:57,(anonymous_4)
FN:64,(anonymous_5)
FN:71,(anonymous_6)
FN:79,(anonymous_7)
FN:84,(anonymous_8)
FN:114,(anonymous_9)
FN:116,(anonymous_10)
FNF:11
FNH:0
FNDA:0,useKeyboardShortcuts
FNDA:0,(anonymous_1)
FNDA:0,(anonymous_2)
FNDA:0,(anonymous_3)
FNDA:0,(anonymous_4)
FNDA:0,(anonymous_5)
FNDA:0,(anonymous_6)
FNDA:0,(anonymous_7)
FNDA:0,(anonymous_8)
FNDA:0,(anonymous_9)
FNDA:0,(anonymous_10)
DA:9,0
DA:10,0
DA:27,0
DA:28,0
DA:29,0
DA:31,0
DA:36,0
DA:43,0
DA:50,0
DA:57,0
DA:64,0
DA:71,0
DA:79,0
DA:84,0
DA:85,0
DA:88,0
DA:89,0
DA:94,0
DA:97,0
DA:98,0
DA:99,0
DA:100,0
DA:101,0
DA:103,0
DA:105,0
DA:106,0
DA:108,0
DA:109,0
DA:114,0
DA:115,0
DA:116,0
DA:119,0
LF:32
LH:0
BRDA:27,0,0,0
BRDA:28,1,0,0
BRDA:85,2,0,0
BRDA:85,2,1,0
BRDA:89,3,0,0
BRDA:89,3,1,0
BRDA:90,4,0,0
BRDA:90,4,1,0
BRDA:90,4,2,0
BRDA:98,5,0,0
BRDA:98,5,1,0
BRDA:98,6,0,0
BRDA:98,6,1,0
BRDA:99,7,0,0
BRDA:99,7,1,0
BRDA:100,8,0,0
BRDA:100,8,1,0
BRDA:103,9,0,0
BRDA:103,9,1,0
BRDA:103,10,0,0
BRDA:103,10,1,0
BRDA:103,10,2,0
BRDA:103,10,3,0
BRDA:105,11,0,0
BRDA:105,11,1,0
BRDA:105,12,0,0
BRDA:105,12,1,0
BRF:27
BRH:0
end_of_record
TN:
SF:lib/hooks/use-onboarding-tour.ts
FN:66,useOnboardingTour
FN:72,(anonymous_1)
FN:79,(anonymous_2)
FN:82,(anonymous_3)
FN:86,(anonymous_4)
FN:94,(anonymous_5)
FN:100,(anonymous_6)
FN:104,(anonymous_7)
FN:110,(anonymous_8)
FNF:9
FNH:0
FNDA:0,useOnboardingTour
FNDA:0,(anonymous_1)
FNDA:0,(anonymous_2)
FNDA:0,(anonymous_3)
FNDA:0,(anonymous_4)
FNDA:0,(anonymous_5)
FNDA:0,(anonymous_6)
FNDA:0,(anonymous_7)
FNDA:0,(anonymous_8)
DA:9,0
DA:11,0
DA:21,0
DA:66,0
DA:67,0
DA:68,0
DA:69,0
DA:72,0
DA:73,0
DA:74,0
DA:75,0
DA:77,0
DA:79,0
DA:80,0
DA:82,0
DA:86,0
DA:87,0
DA:88,0
DA:90,0
DA:94,0
DA:95,0
DA:96,0
DA:100,0
DA:101,0
DA:104,0
DA:105,0
DA:106,0
DA:107,0
DA:110,0
DA:111,0
DA:112,0
DA:113,0
DA:114,0
DA:117,0
LF:34
LH:0
BRDA:74,0,0,0
BRDA:74,0,1,0
BRDA:87,1,0,0
BRDA:87,1,1,0
BRDA:95,2,0,0
BRDA:95,2,1,0
BRF:6
BRH:0
end_of_record
TN:
SF:lib/hooks/use-permissions.ts
FN:44,(anonymous_1)
FN:44,(anonymous_2)
FN:49,usePermissions
FNF:3
FNH:0
FNDA:0,(anonymous_1)
FNDA:0,(anonymous_2)
FNDA:0,usePermissions
DA:16,0
DA:17,0
DA:44,0
DA:45,0
DA:46,0
DA:49,0
DA:50,0
DA:51,0
DA:53,0
DA:62,0
DA:63,0
DA:77,0
LF:12
LH:0
BRDA:45,0,0,0
BRDA:45,0,1,0
BRDA:54,1,0,0
BRDA:54,1,1,0
BRDA:62,2,0,0
BRDA:62,2,1,0
BRDA:73,3,0,0
BRDA:73,3,1,0
BRDA:87,4,0,0
BRDA:87,4,1,0
BRF:10
BRH:0
end_of_record
